2022-07-05T17:00:22.198+0800 [TRACE] turbo/turbo.go:55: initialize config:
  config=
  | {
  |   "xorm": {
  |     "driver": "mysql",
  |     "master": "root:123456@tcp(127.0.0.1:3306)/stock?charset=utf8",
  |     "slaves": [],
  |     "show_sql": true,
  |     "max_idle": 360000,
  |     "max_conn": 36000
  |   },
  |   "redis": {
  |     "Addrs": [
  |       "127.0.0.1:6379"
  |     ],
  |     "Password": "",
  |     "KeyPrefix": "",
  |     "DbIndex": 0,
  |     "DialTimeout": 0,
  |     "ReadTimeout": 0,
  |     "WriteTimeout": 0,
  |     "ReadOnly": false,
  |     "PoolSize": 0,
  |     "PoolTimeout": 0,
  |     "IdleTimeout": 0,
  |     "IdleCheckFrequency": 0,
  |     "UseCluster": false,
  |     "TLSConfig": null
  |   },
  |   "authorization": {
  |     "auth_type": "redis",
  |     "pkcs8_private_key": "MIICeAIBADANBgkqhkiG9w0BAQEFAASCAmIwggJeAgEAAoGBAOVxpmJr4ELzX67oQl8YCrHPk61sRwESc8kAFDm9PwrY/Wd/PqBVsCQUFYBmo5dSukdJ/ZkeyXqA9pArnlqn/G42EVUjPPNURiex4W6LbSHXr/96Wt/0Ov7d+8ETkmLUZ+QsdB+9S6CrkG9pfhdUKLBoJ/YPujOhDBQvWNQSnXzXAgMBAAECgYAeTQ8LKnH4hYmaYMP7KQKojuBS49zQsG4oGmGRaoO73AJDO9O6evaDHT/lsChkoKFHLudV5HH5QrTNP2VvVYYJjAcslxVchQssuagplZtbjuixNPfv2ey9qPXafHMbdPZy97uZTZkaxQ0aMNpFOGKk/m5KOXTt8lhsZBKmpb9IqQJBAO72peFpUdCWW0Fvy4Xw9VSZq09EHHForxu6YHRu4sdAXoasLf8vmoIfHBsD87Tat01K6pxw1YaBhDry9Zkr4LMCQQD1zUKMoa9YVYDA3ty8R9DAmkYoguhAV3Sm2cf1jIF/p5kazja+L6c2BGk5sxM/AG/rLMS04vw4lPO8s2boPv1NAkEAj+Q3eKc5m7eeFaYi0HGK2Ll7vUxPMD8QCktNH29R4RcylDeDrwDUMfxXqTDVBBcbf1BYO4F6IfdFT1XTa7tPHwJBAImvDkYEE1ohmttueqqkd5RLVl0+5qWT123Ws6EhsTA2SxauyA9EVh913RNK8c7qicZr70t7kdiH5veeblhNYEkCQQDrSM+LzGB2CipariZdInt/Jkp5YVlPy6Xf8D6DUxmuSgYJSbuWrtP8dAeQuZ48gEuZZbsjjNw/ngfaXxnPHt/4",
  |     "pkcs1_public_key": "MIGJAoGBAOVxpmJr4ELzX67oQl8YCrHPk61sRwESc8kAFDm9PwrY/Wd/PqBVsCQUFYBmo5dSukdJ/ZkeyXqA9pArnlqn/G42EVUjPPNURiex4W6LbSHXr/96Wt/0Ov7d+8ETkmLUZ+QsdB+9S6CrkG9pfhdUKLBoJ/YPujOhDBQvWNQSnXzXAgMBAAE=",
  |     "timeout": 86400000000000,
  |     "anon_methods": [
  |       "account.user.loginByWeChat"
  |     ],
  |     "default_policy": "deny"
  |   },
  |   "transport": {
  |     "sign_type": "md5",
  |     "sign_keys": {
  |       "global": "521004524ef99ad954ad93c3f91c82fd",
  |       "wechat": "d41d8cd98f00b204e9800998ecf8427e"
  |     },
  |     "default_policy": "deny"
  |   },
  |   "extras": {
  |     "alipay": {
  |       "name": ""
  |     },
  |     "wechat_mini": {
  |       "app_id": "",
  |       "app_secret": ""
  |     }
  |   }
  | }
  
2022-07-05T17:00:22.199+0800 [TRACE] server/server_register.go:53: register health backend: path=/example/health
2022-07-05T17:01:16.756+0800 [TRACE] turbo/turbo.go:55: initialize config:
  config=
  | {
  |   "xorm": {
  |     "driver": "mysql",
  |     "master": "root:123456@tcp(127.0.0.1:3306)/stock?charset=utf8",
  |     "slaves": [],
  |     "show_sql": true,
  |     "max_idle": 360000,
  |     "max_conn": 36000
  |   },
  |   "redis": {
  |     "Addrs": [
  |       "127.0.0.1:6379"
  |     ],
  |     "Password": "",
  |     "KeyPrefix": "",
  |     "DbIndex": 0,
  |     "DialTimeout": 0,
  |     "ReadTimeout": 0,
  |     "WriteTimeout": 0,
  |     "ReadOnly": false,
  |     "PoolSize": 0,
  |     "PoolTimeout": 0,
  |     "IdleTimeout": 0,
  |     "IdleCheckFrequency": 0,
  |     "UseCluster": false,
  |     "TLSConfig": null
  |   },
  |   "authorization": {
  |     "auth_type": "redis",
  |     "pkcs8_private_key": "MIICeAIBADANBgkqhkiG9w0BAQEFAASCAmIwggJeAgEAAoGBAOVxpmJr4ELzX67oQl8YCrHPk61sRwESc8kAFDm9PwrY/Wd/PqBVsCQUFYBmo5dSukdJ/ZkeyXqA9pArnlqn/G42EVUjPPNURiex4W6LbSHXr/96Wt/0Ov7d+8ETkmLUZ+QsdB+9S6CrkG9pfhdUKLBoJ/YPujOhDBQvWNQSnXzXAgMBAAECgYAeTQ8LKnH4hYmaYMP7KQKojuBS49zQsG4oGmGRaoO73AJDO9O6evaDHT/lsChkoKFHLudV5HH5QrTNP2VvVYYJjAcslxVchQssuagplZtbjuixNPfv2ey9qPXafHMbdPZy97uZTZkaxQ0aMNpFOGKk/m5KOXTt8lhsZBKmpb9IqQJBAO72peFpUdCWW0Fvy4Xw9VSZq09EHHForxu6YHRu4sdAXoasLf8vmoIfHBsD87Tat01K6pxw1YaBhDry9Zkr4LMCQQD1zUKMoa9YVYDA3ty8R9DAmkYoguhAV3Sm2cf1jIF/p5kazja+L6c2BGk5sxM/AG/rLMS04vw4lPO8s2boPv1NAkEAj+Q3eKc5m7eeFaYi0HGK2Ll7vUxPMD8QCktNH29R4RcylDeDrwDUMfxXqTDVBBcbf1BYO4F6IfdFT1XTa7tPHwJBAImvDkYEE1ohmttueqqkd5RLVl0+5qWT123Ws6EhsTA2SxauyA9EVh913RNK8c7qicZr70t7kdiH5veeblhNYEkCQQDrSM+LzGB2CipariZdInt/Jkp5YVlPy6Xf8D6DUxmuSgYJSbuWrtP8dAeQuZ48gEuZZbsjjNw/ngfaXxnPHt/4",
  |     "pkcs1_public_key": "MIGJAoGBAOVxpmJr4ELzX67oQl8YCrHPk61sRwESc8kAFDm9PwrY/Wd/PqBVsCQUFYBmo5dSukdJ/ZkeyXqA9pArnlqn/G42EVUjPPNURiex4W6LbSHXr/96Wt/0Ov7d+8ETkmLUZ+QsdB+9S6CrkG9pfhdUKLBoJ/YPujOhDBQvWNQSnXzXAgMBAAE=",
  |     "timeout": 86400000000000,
  |     "anon_methods": [
  |       "account.user.loginByWeChat"
  |     ],
  |     "default_policy": "deny"
  |   },
  |   "transport": {
  |     "sign_type": "md5",
  |     "sign_keys": {
  |       "global": "521004524ef99ad954ad93c3f91c82fd",
  |       "wechat": "d41d8cd98f00b204e9800998ecf8427e"
  |     },
  |     "default_policy": "deny"
  |   },
  |   "extras": {
  |     "alipay": {
  |       "name": ""
  |     },
  |     "wechat_mini": {
  |       "app_id": "",
  |       "app_secret": ""
  |     }
  |   }
  | }
  
2022-07-05T17:01:32.202+0800 [TRACE] turbo/turbo.go:55: initialize config:
  config=
  | {
  |   "xorm": {
  |     "driver": "mysql",
  |     "master": "root:123456@tcp(127.0.0.1:3306)/stock?charset=utf8",
  |     "slaves": [],
  |     "show_sql": true,
  |     "max_idle": 360000,
  |     "max_conn": 36000
  |   },
  |   "redis": {
  |     "Addrs": [
  |       "127.0.0.1:6379"
  |     ],
  |     "Password": "",
  |     "KeyPrefix": "",
  |     "DbIndex": 0,
  |     "DialTimeout": 0,
  |     "ReadTimeout": 0,
  |     "WriteTimeout": 0,
  |     "ReadOnly": false,
  |     "PoolSize": 0,
  |     "PoolTimeout": 0,
  |     "IdleTimeout": 0,
  |     "IdleCheckFrequency": 0,
  |     "UseCluster": false,
  |     "TLSConfig": null
  |   },
  |   "authorization": {
  |     "auth_type": "redis",
  |     "pkcs8_private_key": "MIICeAIBADANBgkqhkiG9w0BAQEFAASCAmIwggJeAgEAAoGBAOVxpmJr4ELzX67oQl8YCrHPk61sRwESc8kAFDm9PwrY/Wd/PqBVsCQUFYBmo5dSukdJ/ZkeyXqA9pArnlqn/G42EVUjPPNURiex4W6LbSHXr/96Wt/0Ov7d+8ETkmLUZ+QsdB+9S6CrkG9pfhdUKLBoJ/YPujOhDBQvWNQSnXzXAgMBAAECgYAeTQ8LKnH4hYmaYMP7KQKojuBS49zQsG4oGmGRaoO73AJDO9O6evaDHT/lsChkoKFHLudV5HH5QrTNP2VvVYYJjAcslxVchQssuagplZtbjuixNPfv2ey9qPXafHMbdPZy97uZTZkaxQ0aMNpFOGKk/m5KOXTt8lhsZBKmpb9IqQJBAO72peFpUdCWW0Fvy4Xw9VSZq09EHHForxu6YHRu4sdAXoasLf8vmoIfHBsD87Tat01K6pxw1YaBhDry9Zkr4LMCQQD1zUKMoa9YVYDA3ty8R9DAmkYoguhAV3Sm2cf1jIF/p5kazja+L6c2BGk5sxM/AG/rLMS04vw4lPO8s2boPv1NAkEAj+Q3eKc5m7eeFaYi0HGK2Ll7vUxPMD8QCktNH29R4RcylDeDrwDUMfxXqTDVBBcbf1BYO4F6IfdFT1XTa7tPHwJBAImvDkYEE1ohmttueqqkd5RLVl0+5qWT123Ws6EhsTA2SxauyA9EVh913RNK8c7qicZr70t7kdiH5veeblhNYEkCQQDrSM+LzGB2CipariZdInt/Jkp5YVlPy6Xf8D6DUxmuSgYJSbuWrtP8dAeQuZ48gEuZZbsjjNw/ngfaXxnPHt/4",
  |     "pkcs1_public_key": "MIGJAoGBAOVxpmJr4ELzX67oQl8YCrHPk61sRwESc8kAFDm9PwrY/Wd/PqBVsCQUFYBmo5dSukdJ/ZkeyXqA9pArnlqn/G42EVUjPPNURiex4W6LbSHXr/96Wt/0Ov7d+8ETkmLUZ+QsdB+9S6CrkG9pfhdUKLBoJ/YPujOhDBQvWNQSnXzXAgMBAAE=",
  |     "timeout": 86400000000000,
  |     "anon_methods": [
  |       "account.user.loginByWeChat"
  |     ],
  |     "default_policy": "deny"
  |   },
  |   "transport": {
  |     "sign_type": "md5",
  |     "sign_keys": {
  |       "global": "521004524ef99ad954ad93c3f91c82fd",
  |       "wechat": "d41d8cd98f00b204e9800998ecf8427e"
  |     },
  |     "default_policy": "deny"
  |   },
  |   "extras": {
  |     "alipay": {
  |       "name": ""
  |     },
  |     "wechat_mini": {
  |       "app_id": "",
  |       "app_secret": ""
  |     }
  |   }
  | }
  
2022-07-05T17:01:32.203+0800 [TRACE] server/server_register.go:53: register health backend: path=/example/health
2022-07-05T17:07:33.248+0800 [TRACE] turbo/turbo.go:55: initialize config:
  config=
  | {
  |   "xorm": {
  |     "driver": "mysql",
  |     "master": "root:123456@tcp(127.0.0.1:3306)/example?charset=utf8",
  |     "slaves": [],
  |     "show_sql": true,
  |     "max_idle": 360000,
  |     "max_conn": 36000
  |   },
  |   "redis": {
  |     "Addrs": [
  |       "127.0.0.1:6379"
  |     ],
  |     "Password": "",
  |     "KeyPrefix": "",
  |     "DbIndex": 0,
  |     "DialTimeout": 0,
  |     "ReadTimeout": 0,
  |     "WriteTimeout": 0,
  |     "ReadOnly": false,
  |     "PoolSize": 0,
  |     "PoolTimeout": 0,
  |     "IdleTimeout": 0,
  |     "IdleCheckFrequency": 0,
  |     "UseCluster": false,
  |     "TLSConfig": null
  |   },
  |   "authorization": {
  |     "auth_type": "redis",
  |     "pkcs8_private_key": "MIICeAIBADANBgkqhkiG9w0BAQEFAASCAmIwggJeAgEAAoGBAOVxpmJr4ELzX67oQl8YCrHPk61sRwESc8kAFDm9PwrY/Wd/PqBVsCQUFYBmo5dSukdJ/ZkeyXqA9pArnlqn/G42EVUjPPNURiex4W6LbSHXr/96Wt/0Ov7d+8ETkmLUZ+QsdB+9S6CrkG9pfhdUKLBoJ/YPujOhDBQvWNQSnXzXAgMBAAECgYAeTQ8LKnH4hYmaYMP7KQKojuBS49zQsG4oGmGRaoO73AJDO9O6evaDHT/lsChkoKFHLudV5HH5QrTNP2VvVYYJjAcslxVchQssuagplZtbjuixNPfv2ey9qPXafHMbdPZy97uZTZkaxQ0aMNpFOGKk/m5KOXTt8lhsZBKmpb9IqQJBAO72peFpUdCWW0Fvy4Xw9VSZq09EHHForxu6YHRu4sdAXoasLf8vmoIfHBsD87Tat01K6pxw1YaBhDry9Zkr4LMCQQD1zUKMoa9YVYDA3ty8R9DAmkYoguhAV3Sm2cf1jIF/p5kazja+L6c2BGk5sxM/AG/rLMS04vw4lPO8s2boPv1NAkEAj+Q3eKc5m7eeFaYi0HGK2Ll7vUxPMD8QCktNH29R4RcylDeDrwDUMfxXqTDVBBcbf1BYO4F6IfdFT1XTa7tPHwJBAImvDkYEE1ohmttueqqkd5RLVl0+5qWT123Ws6EhsTA2SxauyA9EVh913RNK8c7qicZr70t7kdiH5veeblhNYEkCQQDrSM+LzGB2CipariZdInt/Jkp5YVlPy6Xf8D6DUxmuSgYJSbuWrtP8dAeQuZ48gEuZZbsjjNw/ngfaXxnPHt/4",
  |     "pkcs1_public_key": "MIGJAoGBAOVxpmJr4ELzX67oQl8YCrHPk61sRwESc8kAFDm9PwrY/Wd/PqBVsCQUFYBmo5dSukdJ/ZkeyXqA9pArnlqn/G42EVUjPPNURiex4W6LbSHXr/96Wt/0Ov7d+8ETkmLUZ+QsdB+9S6CrkG9pfhdUKLBoJ/YPujOhDBQvWNQSnXzXAgMBAAE=",
  |     "timeout": 86400000000000,
  |     "anon_methods": [
  |       "account.user.loginByWeChat"
  |     ],
  |     "default_policy": "deny"
  |   },
  |   "transport": {
  |     "sign_type": "md5",
  |     "sign_keys": {
  |       "global": "521004524ef99ad954ad93c3f91c82fd",
  |       "wechat": "d41d8cd98f00b204e9800998ecf8427e"
  |     },
  |     "default_policy": "deny"
  |   },
  |   "extras": {
  |     "alipay": {
  |       "name": ""
  |     },
  |     "wechat_mini": {
  |       "app_id": "",
  |       "app_secret": ""
  |     }
  |   }
  | }
  
2022-07-05T17:07:33.249+0800 [TRACE] server/server_register.go:53: register health backend: path=/example/health
2022-07-05T17:20:05.125+0800 [TRACE] turbo/turbo.go:55: initialize config:
  config=
  | {
  |   "xorm": {
  |     "driver": "mysql",
  |     "master": "root:123456@tcp(127.0.0.1:3306)/example?charset=utf8",
  |     "slaves": [],
  |     "show_sql": true,
  |     "max_idle": 360000,
  |     "max_conn": 36000
  |   },
  |   "redis": {
  |     "Addrs": [
  |       "127.0.0.1:6379"
  |     ],
  |     "Password": "",
  |     "KeyPrefix": "",
  |     "DbIndex": 0,
  |     "DialTimeout": 0,
  |     "ReadTimeout": 0,
  |     "WriteTimeout": 0,
  |     "ReadOnly": false,
  |     "PoolSize": 0,
  |     "PoolTimeout": 0,
  |     "IdleTimeout": 0,
  |     "IdleCheckFrequency": 0,
  |     "UseCluster": false,
  |     "TLSConfig": null
  |   },
  |   "authorization": {
  |     "auth_type": "redis",
  |     "pkcs8_private_key": "MIICeAIBADANBgkqhkiG9w0BAQEFAASCAmIwggJeAgEAAoGBAOVxpmJr4ELzX67oQl8YCrHPk61sRwESc8kAFDm9PwrY/Wd/PqBVsCQUFYBmo5dSukdJ/ZkeyXqA9pArnlqn/G42EVUjPPNURiex4W6LbSHXr/96Wt/0Ov7d+8ETkmLUZ+QsdB+9S6CrkG9pfhdUKLBoJ/YPujOhDBQvWNQSnXzXAgMBAAECgYAeTQ8LKnH4hYmaYMP7KQKojuBS49zQsG4oGmGRaoO73AJDO9O6evaDHT/lsChkoKFHLudV5HH5QrTNP2VvVYYJjAcslxVchQssuagplZtbjuixNPfv2ey9qPXafHMbdPZy97uZTZkaxQ0aMNpFOGKk/m5KOXTt8lhsZBKmpb9IqQJBAO72peFpUdCWW0Fvy4Xw9VSZq09EHHForxu6YHRu4sdAXoasLf8vmoIfHBsD87Tat01K6pxw1YaBhDry9Zkr4LMCQQD1zUKMoa9YVYDA3ty8R9DAmkYoguhAV3Sm2cf1jIF/p5kazja+L6c2BGk5sxM/AG/rLMS04vw4lPO8s2boPv1NAkEAj+Q3eKc5m7eeFaYi0HGK2Ll7vUxPMD8QCktNH29R4RcylDeDrwDUMfxXqTDVBBcbf1BYO4F6IfdFT1XTa7tPHwJBAImvDkYEE1ohmttueqqkd5RLVl0+5qWT123Ws6EhsTA2SxauyA9EVh913RNK8c7qicZr70t7kdiH5veeblhNYEkCQQDrSM+LzGB2CipariZdInt/Jkp5YVlPy6Xf8D6DUxmuSgYJSbuWrtP8dAeQuZ48gEuZZbsjjNw/ngfaXxnPHt/4",
  |     "pkcs1_public_key": "MIGJAoGBAOVxpmJr4ELzX67oQl8YCrHPk61sRwESc8kAFDm9PwrY/Wd/PqBVsCQUFYBmo5dSukdJ/ZkeyXqA9pArnlqn/G42EVUjPPNURiex4W6LbSHXr/96Wt/0Ov7d+8ETkmLUZ+QsdB+9S6CrkG9pfhdUKLBoJ/YPujOhDBQvWNQSnXzXAgMBAAE=",
  |     "timeout": 86400000000000,
  |     "anon_methods": [
  |       "account.user.loginByWeChat"
  |     ],
  |     "default_policy": "deny"
  |   },
  |   "transport": {
  |     "sign_type": "md5",
  |     "sign_keys": {
  |       "global": "521004524ef99ad954ad93c3f91c82fd",
  |       "wechat": "d41d8cd98f00b204e9800998ecf8427e"
  |     },
  |     "default_policy": "deny"
  |   },
  |   "extras": {
  |     "alipay": {
  |       "name": ""
  |     },
  |     "wechat_mini": {
  |       "app_id": "",
  |       "app_secret": ""
  |     }
  |   }
  | }
  
2022-07-05T17:20:05.126+0800 [TRACE] server/server_register.go:53: register health backend: path=/example/health
2022-07-05T17:21:08.441+0800 [TRACE] turbo/turbo.go:55: initialize config:
  config=
  | {
  |   "xorm": {
  |     "driver": "mysql",
  |     "master": "root:123456@tcp(127.0.0.1:3306)/example?charset=utf8",
  |     "slaves": [],
  |     "show_sql": true,
  |     "max_idle": 360000,
  |     "max_conn": 36000
  |   },
  |   "redis": {
  |     "Addrs": [
  |       "127.0.0.1:6379"
  |     ],
  |     "Password": "",
  |     "KeyPrefix": "",
  |     "DbIndex": 0,
  |     "DialTimeout": 0,
  |     "ReadTimeout": 0,
  |     "WriteTimeout": 0,
  |     "ReadOnly": false,
  |     "PoolSize": 0,
  |     "PoolTimeout": 0,
  |     "IdleTimeout": 0,
  |     "IdleCheckFrequency": 0,
  |     "UseCluster": false,
  |     "TLSConfig": null
  |   },
  |   "authorization": {
  |     "auth_type": "redis",
  |     "pkcs8_private_key": "MIICeAIBADANBgkqhkiG9w0BAQEFAASCAmIwggJeAgEAAoGBAOVxpmJr4ELzX67oQl8YCrHPk61sRwESc8kAFDm9PwrY/Wd/PqBVsCQUFYBmo5dSukdJ/ZkeyXqA9pArnlqn/G42EVUjPPNURiex4W6LbSHXr/96Wt/0Ov7d+8ETkmLUZ+QsdB+9S6CrkG9pfhdUKLBoJ/YPujOhDBQvWNQSnXzXAgMBAAECgYAeTQ8LKnH4hYmaYMP7KQKojuBS49zQsG4oGmGRaoO73AJDO9O6evaDHT/lsChkoKFHLudV5HH5QrTNP2VvVYYJjAcslxVchQssuagplZtbjuixNPfv2ey9qPXafHMbdPZy97uZTZkaxQ0aMNpFOGKk/m5KOXTt8lhsZBKmpb9IqQJBAO72peFpUdCWW0Fvy4Xw9VSZq09EHHForxu6YHRu4sdAXoasLf8vmoIfHBsD87Tat01K6pxw1YaBhDry9Zkr4LMCQQD1zUKMoa9YVYDA3ty8R9DAmkYoguhAV3Sm2cf1jIF/p5kazja+L6c2BGk5sxM/AG/rLMS04vw4lPO8s2boPv1NAkEAj+Q3eKc5m7eeFaYi0HGK2Ll7vUxPMD8QCktNH29R4RcylDeDrwDUMfxXqTDVBBcbf1BYO4F6IfdFT1XTa7tPHwJBAImvDkYEE1ohmttueqqkd5RLVl0+5qWT123Ws6EhsTA2SxauyA9EVh913RNK8c7qicZr70t7kdiH5veeblhNYEkCQQDrSM+LzGB2CipariZdInt/Jkp5YVlPy6Xf8D6DUxmuSgYJSbuWrtP8dAeQuZ48gEuZZbsjjNw/ngfaXxnPHt/4",
  |     "pkcs1_public_key": "MIGJAoGBAOVxpmJr4ELzX67oQl8YCrHPk61sRwESc8kAFDm9PwrY/Wd/PqBVsCQUFYBmo5dSukdJ/ZkeyXqA9pArnlqn/G42EVUjPPNURiex4W6LbSHXr/96Wt/0Ov7d+8ETkmLUZ+QsdB+9S6CrkG9pfhdUKLBoJ/YPujOhDBQvWNQSnXzXAgMBAAE=",
  |     "timeout": 86400000000000,
  |     "anon_methods": [
  |       "account.user.loginByWeChat"
  |     ],
  |     "default_policy": "deny"
  |   },
  |   "transport": {
  |     "sign_type": "md5",
  |     "sign_keys": {
  |       "global": "521004524ef99ad954ad93c3f91c82fd",
  |       "wechat": "d41d8cd98f00b204e9800998ecf8427e"
  |     },
  |     "default_policy": "allow"
  |   },
  |   "extras": {
  |     "alipay": {
  |       "name": ""
  |     },
  |     "wechat_mini": {
  |       "app_id": "",
  |       "app_secret": ""
  |     }
  |   }
  | }
  
2022-07-05T17:21:08.442+0800 [TRACE] server/server_register.go:53: register health backend: path=/example/health
2022-07-05T17:21:58.195+0800 [TRACE] turbo/turbo.go:55: initialize config:
  config=
  | {
  |   "xorm": {
  |     "driver": "mysql",
  |     "master": "root:123456@tcp(127.0.0.1:3306)/example?charset=utf8",
  |     "slaves": [],
  |     "show_sql": true,
  |     "max_idle": 360000,
  |     "max_conn": 36000
  |   },
  |   "redis": {
  |     "Addrs": [
  |       "127.0.0.1:6379"
  |     ],
  |     "Password": "",
  |     "KeyPrefix": "",
  |     "DbIndex": 0,
  |     "DialTimeout": 0,
  |     "ReadTimeout": 0,
  |     "WriteTimeout": 0,
  |     "ReadOnly": false,
  |     "PoolSize": 0,
  |     "PoolTimeout": 0,
  |     "IdleTimeout": 0,
  |     "IdleCheckFrequency": 0,
  |     "UseCluster": false,
  |     "TLSConfig": null
  |   },
  |   "authorization": {
  |     "auth_type": "jwt",
  |     "pkcs8_private_key": "MIICeAIBADANBgkqhkiG9w0BAQEFAASCAmIwggJeAgEAAoGBAOVxpmJr4ELzX67oQl8YCrHPk61sRwESc8kAFDm9PwrY/Wd/PqBVsCQUFYBmo5dSukdJ/ZkeyXqA9pArnlqn/G42EVUjPPNURiex4W6LbSHXr/96Wt/0Ov7d+8ETkmLUZ+QsdB+9S6CrkG9pfhdUKLBoJ/YPujOhDBQvWNQSnXzXAgMBAAECgYAeTQ8LKnH4hYmaYMP7KQKojuBS49zQsG4oGmGRaoO73AJDO9O6evaDHT/lsChkoKFHLudV5HH5QrTNP2VvVYYJjAcslxVchQssuagplZtbjuixNPfv2ey9qPXafHMbdPZy97uZTZkaxQ0aMNpFOGKk/m5KOXTt8lhsZBKmpb9IqQJBAO72peFpUdCWW0Fvy4Xw9VSZq09EHHForxu6YHRu4sdAXoasLf8vmoIfHBsD87Tat01K6pxw1YaBhDry9Zkr4LMCQQD1zUKMoa9YVYDA3ty8R9DAmkYoguhAV3Sm2cf1jIF/p5kazja+L6c2BGk5sxM/AG/rLMS04vw4lPO8s2boPv1NAkEAj+Q3eKc5m7eeFaYi0HGK2Ll7vUxPMD8QCktNH29R4RcylDeDrwDUMfxXqTDVBBcbf1BYO4F6IfdFT1XTa7tPHwJBAImvDkYEE1ohmttueqqkd5RLVl0+5qWT123Ws6EhsTA2SxauyA9EVh913RNK8c7qicZr70t7kdiH5veeblhNYEkCQQDrSM+LzGB2CipariZdInt/Jkp5YVlPy6Xf8D6DUxmuSgYJSbuWrtP8dAeQuZ48gEuZZbsjjNw/ngfaXxnPHt/4",
  |     "pkcs1_public_key": "MIGJAoGBAOVxpmJr4ELzX67oQl8YCrHPk61sRwESc8kAFDm9PwrY/Wd/PqBVsCQUFYBmo5dSukdJ/ZkeyXqA9pArnlqn/G42EVUjPPNURiex4W6LbSHXr/96Wt/0Ov7d+8ETkmLUZ+QsdB+9S6CrkG9pfhdUKLBoJ/YPujOhDBQvWNQSnXzXAgMBAAE=",
  |     "timeout": 86400000000000,
  |     "anon_methods": [
  |       "account.user.loginByWeChat"
  |     ],
  |     "default_policy": "deny"
  |   },
  |   "transport": {
  |     "sign_type": "md5",
  |     "sign_keys": {
  |       "global": "521004524ef99ad954ad93c3f91c82fd",
  |       "wechat": "d41d8cd98f00b204e9800998ecf8427e"
  |     },
  |     "default_policy": "allow"
  |   },
  |   "extras": {
  |     "alipay": {
  |       "name": ""
  |     },
  |     "wechat_mini": {
  |       "app_id": "",
  |       "app_secret": ""
  |     }
  |   }
  | }
  
2022-07-05T17:21:58.196+0800 [TRACE] server/server_register.go:53: register health backend: path=/example/health
2022-07-05T17:22:03.692+0800 [TRACE] framework/backend.go:70: backend.account: handle request before: request="{\"backend\":\"account\",\"endpoint\":\"user\",\"operation\":\"logout\",\"data\":\"{}\",\"authorized\":{\"id\":\"1\",\"account\":\"example-account\",\"principal\":{\"mobile\":\"13800000000\"}},\"token\":\"\",\"headers\":{\"X-Trace-ID\":[\"9536935d-342d-4763-a9d6-421268c49697\"]},\"connection\":{\"remote_addr\":\"[::1]:53343\",\"user_agent\":\"Mozilla/5.0 (Macintosh; Intel Mac OS X 10_15_7) AppleWebKit/537.36 (KHTML, like Gecko) Chrome/103.0.0.0 Safari/537.36\"}}"
2022-07-05T17:22:03.693+0800 [TRACE] framework/backend.go:84: backend.account: handle request after: err="WrapperError: code=1001 scope= err=runtime error: invalid memory address or nil pointer dereference" response="{\"code\":0}"
2022-07-05T17:23:11.231+0800 [TRACE] turbo/turbo.go:55: initialize config:
  config=
  | {
  |   "xorm": {
  |     "driver": "mysql",
  |     "master": "root:123456@tcp(127.0.0.1:3306)/example?charset=utf8",
  |     "slaves": [],
  |     "show_sql": true,
  |     "max_idle": 360000,
  |     "max_conn": 36000
  |   },
  |   "redis": {
  |     "Addrs": [
  |       "127.0.0.1:6379"
  |     ],
  |     "Password": "",
  |     "KeyPrefix": "",
  |     "DbIndex": 0,
  |     "DialTimeout": 0,
  |     "ReadTimeout": 0,
  |     "WriteTimeout": 0,
  |     "ReadOnly": false,
  |     "PoolSize": 0,
  |     "PoolTimeout": 0,
  |     "IdleTimeout": 0,
  |     "IdleCheckFrequency": 0,
  |     "UseCluster": false,
  |     "TLSConfig": null
  |   },
  |   "authorization": {
  |     "auth_type": "jwt",
  |     "pkcs8_private_key": "MIICeAIBADANBgkqhkiG9w0BAQEFAASCAmIwggJeAgEAAoGBAOVxpmJr4ELzX67oQl8YCrHPk61sRwESc8kAFDm9PwrY/Wd/PqBVsCQUFYBmo5dSukdJ/ZkeyXqA9pArnlqn/G42EVUjPPNURiex4W6LbSHXr/96Wt/0Ov7d+8ETkmLUZ+QsdB+9S6CrkG9pfhdUKLBoJ/YPujOhDBQvWNQSnXzXAgMBAAECgYAeTQ8LKnH4hYmaYMP7KQKojuBS49zQsG4oGmGRaoO73AJDO9O6evaDHT/lsChkoKFHLudV5HH5QrTNP2VvVYYJjAcslxVchQssuagplZtbjuixNPfv2ey9qPXafHMbdPZy97uZTZkaxQ0aMNpFOGKk/m5KOXTt8lhsZBKmpb9IqQJBAO72peFpUdCWW0Fvy4Xw9VSZq09EHHForxu6YHRu4sdAXoasLf8vmoIfHBsD87Tat01K6pxw1YaBhDry9Zkr4LMCQQD1zUKMoa9YVYDA3ty8R9DAmkYoguhAV3Sm2cf1jIF/p5kazja+L6c2BGk5sxM/AG/rLMS04vw4lPO8s2boPv1NAkEAj+Q3eKc5m7eeFaYi0HGK2Ll7vUxPMD8QCktNH29R4RcylDeDrwDUMfxXqTDVBBcbf1BYO4F6IfdFT1XTa7tPHwJBAImvDkYEE1ohmttueqqkd5RLVl0+5qWT123Ws6EhsTA2SxauyA9EVh913RNK8c7qicZr70t7kdiH5veeblhNYEkCQQDrSM+LzGB2CipariZdInt/Jkp5YVlPy6Xf8D6DUxmuSgYJSbuWrtP8dAeQuZ48gEuZZbsjjNw/ngfaXxnPHt/4",
  |     "pkcs1_public_key": "MIGJAoGBAOVxpmJr4ELzX67oQl8YCrHPk61sRwESc8kAFDm9PwrY/Wd/PqBVsCQUFYBmo5dSukdJ/ZkeyXqA9pArnlqn/G42EVUjPPNURiex4W6LbSHXr/96Wt/0Ov7d+8ETkmLUZ+QsdB+9S6CrkG9pfhdUKLBoJ/YPujOhDBQvWNQSnXzXAgMBAAE=",
  |     "timeout": 86400000000000,
  |     "anon_methods": [
  |       "account.user.loginByWeChat"
  |     ],
  |     "default_policy": "deny"
  |   },
  |   "transport": {
  |     "sign_type": "md5",
  |     "sign_keys": {
  |       "global": "521004524ef99ad954ad93c3f91c82fd",
  |       "wechat": "d41d8cd98f00b204e9800998ecf8427e"
  |     },
  |     "default_policy": "allow"
  |   },
  |   "extras": {
  |     "alipay": {
  |       "name": ""
  |     },
  |     "wechat_mini": {
  |       "app_id": "",
  |       "app_secret": ""
  |     }
  |   }
  | }
  
2022-07-05T17:23:11.232+0800 [TRACE] server/server_register.go:53: register health backend: path=/example/health
2022-07-05T17:23:14.512+0800 [TRACE] framework/backend.go:70: backend.account: handle request before: request="{\"backend\":\"account\",\"endpoint\":\"user\",\"operation\":\"logout\",\"data\":\"{}\",\"authorized\":{\"id\":\"1\",\"account\":\"example-account\",\"principal\":{\"mobile\":\"13800000000\"}},\"token\":\"\",\"headers\":{\"X-Trace-ID\":[\"5879d127-7fad-4034-994d-88f4084cb1b1\"]},\"connection\":{\"remote_addr\":\"[::1]:53660\",\"user_agent\":\"Mozilla/5.0 (Macintosh; Intel Mac OS X 10_15_7) AppleWebKit/537.36 (KHTML, like Gecko) Chrome/103.0.0.0 Safari/537.36\"}}"
2022-07-05T17:23:14.512+0800 [TRACE] framework/backend.go:84: backend.account: handle request after: err="WrapperError: code=3001 scope= err=" response="{\"code\":0}"
2022-07-05T17:23:25.042+0800 [TRACE] framework/backend.go:70: backend.account: handle request before: request="{\"backend\":\"account\",\"endpoint\":\"user\",\"operation\":\"logout\",\"data\":\"{}\",\"authorized\":{\"id\":\"1\",\"account\":\"example-account\",\"principal\":{\"mobile\":\"13800000000\"}},\"token\":\"\",\"headers\":{\"X-Trace-ID\":[\"39adbf99-5527-4205-8ce0-50b5dbb101cd\"]},\"connection\":{\"remote_addr\":\"[::1]:53709\",\"user_agent\":\"Mozilla/5.0 (Macintosh; Intel Mac OS X 10_15_7) AppleWebKit/537.36 (KHTML, like Gecko) Chrome/103.0.0.0 Safari/537.36\"}}"
2022-07-05T17:23:25.042+0800 [TRACE] framework/backend.go:84: backend.account: handle request after: err="WrapperError: code=3001 scope= err=" response="{\"code\":0}"
2022-07-05T17:25:15.589+0800 [TRACE] turbo/turbo.go:55: initialize config:
  config=
  | {
  |   "xorm": {
  |     "driver": "mysql",
  |     "master": "root:123456@tcp(127.0.0.1:3306)/example?charset=utf8",
  |     "slaves": [],
  |     "show_sql": true,
  |     "max_idle": 360000,
  |     "max_conn": 36000
  |   },
  |   "redis": {
  |     "Addrs": [
  |       "127.0.0.1:6379"
  |     ],
  |     "Password": "",
  |     "KeyPrefix": "",
  |     "DbIndex": 0,
  |     "DialTimeout": 0,
  |     "ReadTimeout": 0,
  |     "WriteTimeout": 0,
  |     "ReadOnly": false,
  |     "PoolSize": 0,
  |     "PoolTimeout": 0,
  |     "IdleTimeout": 0,
  |     "IdleCheckFrequency": 0,
  |     "UseCluster": false,
  |     "TLSConfig": null
  |   },
  |   "authorization": {
  |     "auth_type": "jwt",
  |     "pkcs8_private_key": "MIICeAIBADANBgkqhkiG9w0BAQEFAASCAmIwggJeAgEAAoGBAOVxpmJr4ELzX67oQl8YCrHPk61sRwESc8kAFDm9PwrY/Wd/PqBVsCQUFYBmo5dSukdJ/ZkeyXqA9pArnlqn/G42EVUjPPNURiex4W6LbSHXr/96Wt/0Ov7d+8ETkmLUZ+QsdB+9S6CrkG9pfhdUKLBoJ/YPujOhDBQvWNQSnXzXAgMBAAECgYAeTQ8LKnH4hYmaYMP7KQKojuBS49zQsG4oGmGRaoO73AJDO9O6evaDHT/lsChkoKFHLudV5HH5QrTNP2VvVYYJjAcslxVchQssuagplZtbjuixNPfv2ey9qPXafHMbdPZy97uZTZkaxQ0aMNpFOGKk/m5KOXTt8lhsZBKmpb9IqQJBAO72peFpUdCWW0Fvy4Xw9VSZq09EHHForxu6YHRu4sdAXoasLf8vmoIfHBsD87Tat01K6pxw1YaBhDry9Zkr4LMCQQD1zUKMoa9YVYDA3ty8R9DAmkYoguhAV3Sm2cf1jIF/p5kazja+L6c2BGk5sxM/AG/rLMS04vw4lPO8s2boPv1NAkEAj+Q3eKc5m7eeFaYi0HGK2Ll7vUxPMD8QCktNH29R4RcylDeDrwDUMfxXqTDVBBcbf1BYO4F6IfdFT1XTa7tPHwJBAImvDkYEE1ohmttueqqkd5RLVl0+5qWT123Ws6EhsTA2SxauyA9EVh913RNK8c7qicZr70t7kdiH5veeblhNYEkCQQDrSM+LzGB2CipariZdInt/Jkp5YVlPy6Xf8D6DUxmuSgYJSbuWrtP8dAeQuZ48gEuZZbsjjNw/ngfaXxnPHt/4",
  |     "pkcs1_public_key": "MIGJAoGBAOVxpmJr4ELzX67oQl8YCrHPk61sRwESc8kAFDm9PwrY/Wd/PqBVsCQUFYBmo5dSukdJ/ZkeyXqA9pArnlqn/G42EVUjPPNURiex4W6LbSHXr/96Wt/0Ov7d+8ETkmLUZ+QsdB+9S6CrkG9pfhdUKLBoJ/YPujOhDBQvWNQSnXzXAgMBAAE=",
  |     "timeout": 86400000000000,
  |     "anon_methods": [
  |       "account.user.loginByWeChat"
  |     ],
  |     "default_policy": "deny"
  |   },
  |   "transport": {
  |     "sign_type": "md5",
  |     "sign_keys": {
  |       "global": "521004524ef99ad954ad93c3f91c82fd",
  |       "wechat": "d41d8cd98f00b204e9800998ecf8427e"
  |     },
  |     "default_policy": "deny"
  |   },
  |   "extras": {
  |     "alipay": {
  |       "name": ""
  |     },
  |     "wechat_mini": {
  |       "app_id": "",
  |       "app_secret": ""
  |     }
  |   }
  | }
  
2022-07-05T17:25:15.590+0800 [TRACE] server/server_register.go:53: register health backend: path=/example/health
2022-07-05T17:42:12.233+0800 [TRACE] turbo/turbo.go:59: initialize config:
  config=
  | {
  |   "xorm": {
  |     "driver": "mysql",
  |     "master": "root:123456@tcp(127.0.0.1:3306)/example?charset=utf8",
  |     "slaves": [],
  |     "show_sql": true,
  |     "max_idle": 360000,
  |     "max_conn": 36000
  |   },
  |   "redis": {
  |     "Addrs": [
  |       "127.0.0.1:6379"
  |     ],
  |     "Password": "",
  |     "KeyPrefix": "",
  |     "DbIndex": 0,
  |     "DialTimeout": 0,
  |     "ReadTimeout": 0,
  |     "WriteTimeout": 0,
  |     "ReadOnly": false,
  |     "PoolSize": 0,
  |     "PoolTimeout": 0,
  |     "IdleTimeout": 0,
  |     "IdleCheckFrequency": 0,
  |     "UseCluster": false,
  |     "TLSConfig": null
  |   },
  |   "authorization": {
  |     "auth_type": "jwt",
  |     "pkcs8_private_key": "MIICeAIBADANBgkqhkiG9w0BAQEFAASCAmIwggJeAgEAAoGBAOVxpmJr4ELzX67oQl8YCrHPk61sRwESc8kAFDm9PwrY/Wd/PqBVsCQUFYBmo5dSukdJ/ZkeyXqA9pArnlqn/G42EVUjPPNURiex4W6LbSHXr/96Wt/0Ov7d+8ETkmLUZ+QsdB+9S6CrkG9pfhdUKLBoJ/YPujOhDBQvWNQSnXzXAgMBAAECgYAeTQ8LKnH4hYmaYMP7KQKojuBS49zQsG4oGmGRaoO73AJDO9O6evaDHT/lsChkoKFHLudV5HH5QrTNP2VvVYYJjAcslxVchQssuagplZtbjuixNPfv2ey9qPXafHMbdPZy97uZTZkaxQ0aMNpFOGKk/m5KOXTt8lhsZBKmpb9IqQJBAO72peFpUdCWW0Fvy4Xw9VSZq09EHHForxu6YHRu4sdAXoasLf8vmoIfHBsD87Tat01K6pxw1YaBhDry9Zkr4LMCQQD1zUKMoa9YVYDA3ty8R9DAmkYoguhAV3Sm2cf1jIF/p5kazja+L6c2BGk5sxM/AG/rLMS04vw4lPO8s2boPv1NAkEAj+Q3eKc5m7eeFaYi0HGK2Ll7vUxPMD8QCktNH29R4RcylDeDrwDUMfxXqTDVBBcbf1BYO4F6IfdFT1XTa7tPHwJBAImvDkYEE1ohmttueqqkd5RLVl0+5qWT123Ws6EhsTA2SxauyA9EVh913RNK8c7qicZr70t7kdiH5veeblhNYEkCQQDrSM+LzGB2CipariZdInt/Jkp5YVlPy6Xf8D6DUxmuSgYJSbuWrtP8dAeQuZ48gEuZZbsjjNw/ngfaXxnPHt/4",
  |     "pkcs1_public_key": "MIGJAoGBAOVxpmJr4ELzX67oQl8YCrHPk61sRwESc8kAFDm9PwrY/Wd/PqBVsCQUFYBmo5dSukdJ/ZkeyXqA9pArnlqn/G42EVUjPPNURiex4W6LbSHXr/96Wt/0Ov7d+8ETkmLUZ+QsdB+9S6CrkG9pfhdUKLBoJ/YPujOhDBQvWNQSnXzXAgMBAAE=",
  |     "timeout": 86400000000000,
  |     "anon_methods": [
  |       "account.user.loginByWeChat"
  |     ],
  |     "default_policy": "deny"
  |   },
  |   "transport": {
  |     "sign_type": "md5",
  |     "sign_keys": {
  |       "global": "521004524ef99ad954ad93c3f91c82fd",
  |       "wechat": "d41d8cd98f00b204e9800998ecf8427e"
  |     },
  |     "default_policy": "deny"
  |   },
  |   "extras": {
  |     "alipay": {
  |       "name": ""
  |     },
  |     "wechat_mini": {
  |       "app_id": "",
  |       "app_secret": ""
  |     }
  |   }
  | }
  
2022-07-05T17:42:12.234+0800 [TRACE] server/server_register.go:53: register health backend: path=/example/health
2022-07-05T17:44:16.749+0800 [TRACE] turbo/turbo.go:59: initialize config:
  config=
  | {
  |   "xorm": {
  |     "driver": "mysql",
  |     "master": "root:123456@tcp(127.0.0.1:3306)/example?charset=utf8",
  |     "slaves": [],
  |     "show_sql": true,
  |     "max_idle": 360000,
  |     "max_conn": 36000
  |   },
  |   "redis": {
  |     "Addrs": [
  |       "127.0.0.1:6379"
  |     ],
  |     "Password": "",
  |     "KeyPrefix": "",
  |     "DbIndex": 0,
  |     "DialTimeout": 0,
  |     "ReadTimeout": 0,
  |     "WriteTimeout": 0,
  |     "ReadOnly": false,
  |     "PoolSize": 0,
  |     "PoolTimeout": 0,
  |     "IdleTimeout": 0,
  |     "IdleCheckFrequency": 0,
  |     "UseCluster": false,
  |     "TLSConfig": null
  |   },
  |   "authorization": {
  |     "auth_type": "jwt",
  |     "pkcs8_private_key": "MIICeAIBADANBgkqhkiG9w0BAQEFAASCAmIwggJeAgEAAoGBAOVxpmJr4ELzX67oQl8YCrHPk61sRwESc8kAFDm9PwrY/Wd/PqBVsCQUFYBmo5dSukdJ/ZkeyXqA9pArnlqn/G42EVUjPPNURiex4W6LbSHXr/96Wt/0Ov7d+8ETkmLUZ+QsdB+9S6CrkG9pfhdUKLBoJ/YPujOhDBQvWNQSnXzXAgMBAAECgYAeTQ8LKnH4hYmaYMP7KQKojuBS49zQsG4oGmGRaoO73AJDO9O6evaDHT/lsChkoKFHLudV5HH5QrTNP2VvVYYJjAcslxVchQssuagplZtbjuixNPfv2ey9qPXafHMbdPZy97uZTZkaxQ0aMNpFOGKk/m5KOXTt8lhsZBKmpb9IqQJBAO72peFpUdCWW0Fvy4Xw9VSZq09EHHForxu6YHRu4sdAXoasLf8vmoIfHBsD87Tat01K6pxw1YaBhDry9Zkr4LMCQQD1zUKMoa9YVYDA3ty8R9DAmkYoguhAV3Sm2cf1jIF/p5kazja+L6c2BGk5sxM/AG/rLMS04vw4lPO8s2boPv1NAkEAj+Q3eKc5m7eeFaYi0HGK2Ll7vUxPMD8QCktNH29R4RcylDeDrwDUMfxXqTDVBBcbf1BYO4F6IfdFT1XTa7tPHwJBAImvDkYEE1ohmttueqqkd5RLVl0+5qWT123Ws6EhsTA2SxauyA9EVh913RNK8c7qicZr70t7kdiH5veeblhNYEkCQQDrSM+LzGB2CipariZdInt/Jkp5YVlPy6Xf8D6DUxmuSgYJSbuWrtP8dAeQuZ48gEuZZbsjjNw/ngfaXxnPHt/4",
  |     "pkcs1_public_key": "MIGJAoGBAOVxpmJr4ELzX67oQl8YCrHPk61sRwESc8kAFDm9PwrY/Wd/PqBVsCQUFYBmo5dSukdJ/ZkeyXqA9pArnlqn/G42EVUjPPNURiex4W6LbSHXr/96Wt/0Ov7d+8ETkmLUZ+QsdB+9S6CrkG9pfhdUKLBoJ/YPujOhDBQvWNQSnXzXAgMBAAE=",
  |     "timeout": 86400000000000,
  |     "anon_methods": [
  |       "account.user.loginByWeChat"
  |     ],
  |     "default_policy": "deny"
  |   },
  |   "transport": {
  |     "sign_type": "md5",
  |     "sign_keys": {
  |       "global": "521004524ef99ad954ad93c3f91c82fd",
  |       "wechat": "d41d8cd98f00b204e9800998ecf8427e"
  |     },
  |     "default_policy": "deny"
  |   },
  |   "extras": {
  |     "alipay": {
  |       "name": ""
  |     },
  |     "wechat_mini": {
  |       "app_id": "",
  |       "app_secret": ""
  |     }
  |   }
  | }
  
2022-07-05T17:44:16.750+0800 [TRACE] server/server_register.go:53: register health backend: path=/example/health
2022-07-05T17:44:51.472+0800 [TRACE] framework/backend.go:70: backend.account: handle request before: request="{\"backend\":\"account\",\"endpoint\":\"user\",\"operation\":\"logout\",\"data\":\"{}\",\"authorized\":{\"id\":\"1\",\"account\":\"example-account\",\"principal\":{\"mobile\":\"13800000000\"}},\"token\":\"\",\"headers\":{\"X-Trace-ID\":[\"733f645a-68bb-451f-b1be-3494ca253700\"]},\"connection\":{\"remote_addr\":\"[::1]:59558\",\"user_agent\":\"Mozilla/5.0 (Macintosh; Intel Mac OS X 10_15_7) AppleWebKit/537.36 (KHTML, like Gecko) Chrome/103.0.0.0 Safari/537.36\"}}"
2022-07-05T17:44:51.472+0800 [TRACE] framework/backend.go:84: backend.account: handle request after: err="WrapperError: code=3001 scope= err=" response="{\"code\":0}"
2022-07-05T17:46:53.284+0800 [TRACE] turbo/turbo.go:59: initialize config:
  config=
  | {
  |   "xorm": {
  |     "driver": "mysql",
  |     "master": "root:123456@tcp(127.0.0.1:3306)/example?charset=utf8",
  |     "slaves": [],
  |     "show_sql": true,
  |     "max_idle": 360000,
  |     "max_conn": 36000
  |   },
  |   "redis": {
  |     "Addrs": [
  |       "127.0.0.1:6379"
  |     ],
  |     "Password": "",
  |     "KeyPrefix": "",
  |     "DbIndex": 0,
  |     "DialTimeout": 0,
  |     "ReadTimeout": 0,
  |     "WriteTimeout": 0,
  |     "ReadOnly": false,
  |     "PoolSize": 0,
  |     "PoolTimeout": 0,
  |     "IdleTimeout": 0,
  |     "IdleCheckFrequency": 0,
  |     "UseCluster": false,
  |     "TLSConfig": null
  |   },
  |   "authorization": {
  |     "auth_type": "jwt",
  |     "pkcs8_private_key": "MIICeAIBADANBgkqhkiG9w0BAQEFAASCAmIwggJeAgEAAoGBAOVxpmJr4ELzX67oQl8YCrHPk61sRwESc8kAFDm9PwrY/Wd/PqBVsCQUFYBmo5dSukdJ/ZkeyXqA9pArnlqn/G42EVUjPPNURiex4W6LbSHXr/96Wt/0Ov7d+8ETkmLUZ+QsdB+9S6CrkG9pfhdUKLBoJ/YPujOhDBQvWNQSnXzXAgMBAAECgYAeTQ8LKnH4hYmaYMP7KQKojuBS49zQsG4oGmGRaoO73AJDO9O6evaDHT/lsChkoKFHLudV5HH5QrTNP2VvVYYJjAcslxVchQssuagplZtbjuixNPfv2ey9qPXafHMbdPZy97uZTZkaxQ0aMNpFOGKk/m5KOXTt8lhsZBKmpb9IqQJBAO72peFpUdCWW0Fvy4Xw9VSZq09EHHForxu6YHRu4sdAXoasLf8vmoIfHBsD87Tat01K6pxw1YaBhDry9Zkr4LMCQQD1zUKMoa9YVYDA3ty8R9DAmkYoguhAV3Sm2cf1jIF/p5kazja+L6c2BGk5sxM/AG/rLMS04vw4lPO8s2boPv1NAkEAj+Q3eKc5m7eeFaYi0HGK2Ll7vUxPMD8QCktNH29R4RcylDeDrwDUMfxXqTDVBBcbf1BYO4F6IfdFT1XTa7tPHwJBAImvDkYEE1ohmttueqqkd5RLVl0+5qWT123Ws6EhsTA2SxauyA9EVh913RNK8c7qicZr70t7kdiH5veeblhNYEkCQQDrSM+LzGB2CipariZdInt/Jkp5YVlPy6Xf8D6DUxmuSgYJSbuWrtP8dAeQuZ48gEuZZbsjjNw/ngfaXxnPHt/4",
  |     "pkcs1_public_key": "MIGJAoGBAOVxpmJr4ELzX67oQl8YCrHPk61sRwESc8kAFDm9PwrY/Wd/PqBVsCQUFYBmo5dSukdJ/ZkeyXqA9pArnlqn/G42EVUjPPNURiex4W6LbSHXr/96Wt/0Ov7d+8ETkmLUZ+QsdB+9S6CrkG9pfhdUKLBoJ/YPujOhDBQvWNQSnXzXAgMBAAE=",
  |     "timeout": 86400000000000,
  |     "anon_methods": [
  |       "account.user.loginByWeChat"
  |     ],
  |     "default_policy": "deny"
  |   },
  |   "transport": {
  |     "sign_type": "md5",
  |     "sign_keys": {
  |       "global": "521004524ef99ad954ad93c3f91c82fd",
  |       "wechat": "d41d8cd98f00b204e9800998ecf8427e"
  |     },
  |     "default_policy": "deny"
  |   },
  |   "extras": {
  |     "alipay": {
  |       "name": ""
  |     },
  |     "wechat_mini": {
  |       "app_id": "",
  |       "app_secret": ""
  |     }
  |   }
  | }
  
2022-07-05T17:46:53.285+0800 [TRACE] server/server_register.go:53: register health backend: path=/example/health
2022-07-05T17:46:57.690+0800 [TRACE] framework/backend.go:70: backend.account: handle request before: request="{\"backend\":\"account\",\"endpoint\":\"user\",\"operation\":\"logout\",\"data\":\"{}\",\"authorized\":{\"id\":\"1\",\"account\":\"example-account\",\"principal\":{\"mobile\":\"13800000000\"}},\"token\":\"\",\"headers\":{\"X-Trace-ID\":[\"0eb144fe-0042-4b4f-8137-1850b0c7b450\"]},\"connection\":{\"remote_addr\":\"[::1]:60145\",\"user_agent\":\"Mozilla/5.0 (Macintosh; Intel Mac OS X 10_15_7) AppleWebKit/537.36 (KHTML, like Gecko) Chrome/103.0.0.0 Safari/537.36\"}}"
2022-07-05T17:46:57.690+0800 [TRACE] framework/backend.go:84: backend.account: handle request after: err="WrapperError: code=3001 scope= err=" response="{\"code\":0}"
2022-07-05T19:08:37.421+0800 [TRACE] turbo/turbo.go:59: initialize config:
  config=
  | {
  |   "xorm": {
  |     "driver": "mysql",
  |     "master": "root:123456@tcp(127.0.0.1:3306)/example?charset=utf8",
  |     "slaves": [],
  |     "show_sql": true,
  |     "max_idle": 360000,
  |     "max_conn": 36000
  |   },
  |   "redis": {
  |     "Addrs": [
  |       "127.0.0.1:6379"
  |     ],
  |     "Password": "",
  |     "KeyPrefix": "",
  |     "DbIndex": 0,
  |     "DialTimeout": 0,
  |     "ReadTimeout": 0,
  |     "WriteTimeout": 0,
  |     "ReadOnly": false,
  |     "PoolSize": 0,
  |     "PoolTimeout": 0,
  |     "IdleTimeout": 0,
  |     "IdleCheckFrequency": 0,
  |     "UseCluster": false,
  |     "TLSConfig": null
  |   },
  |   "authorization": {
  |     "auth_type": "jwt",
  |     "pkcs8_private_key": "MIICeAIBADANBgkqhkiG9w0BAQEFAASCAmIwggJeAgEAAoGBAOVxpmJr4ELzX67oQl8YCrHPk61sRwESc8kAFDm9PwrY/Wd/PqBVsCQUFYBmo5dSukdJ/ZkeyXqA9pArnlqn/G42EVUjPPNURiex4W6LbSHXr/96Wt/0Ov7d+8ETkmLUZ+QsdB+9S6CrkG9pfhdUKLBoJ/YPujOhDBQvWNQSnXzXAgMBAAECgYAeTQ8LKnH4hYmaYMP7KQKojuBS49zQsG4oGmGRaoO73AJDO9O6evaDHT/lsChkoKFHLudV5HH5QrTNP2VvVYYJjAcslxVchQssuagplZtbjuixNPfv2ey9qPXafHMbdPZy97uZTZkaxQ0aMNpFOGKk/m5KOXTt8lhsZBKmpb9IqQJBAO72peFpUdCWW0Fvy4Xw9VSZq09EHHForxu6YHRu4sdAXoasLf8vmoIfHBsD87Tat01K6pxw1YaBhDry9Zkr4LMCQQD1zUKMoa9YVYDA3ty8R9DAmkYoguhAV3Sm2cf1jIF/p5kazja+L6c2BGk5sxM/AG/rLMS04vw4lPO8s2boPv1NAkEAj+Q3eKc5m7eeFaYi0HGK2Ll7vUxPMD8QCktNH29R4RcylDeDrwDUMfxXqTDVBBcbf1BYO4F6IfdFT1XTa7tPHwJBAImvDkYEE1ohmttueqqkd5RLVl0+5qWT123Ws6EhsTA2SxauyA9EVh913RNK8c7qicZr70t7kdiH5veeblhNYEkCQQDrSM+LzGB2CipariZdInt/Jkp5YVlPy6Xf8D6DUxmuSgYJSbuWrtP8dAeQuZ48gEuZZbsjjNw/ngfaXxnPHt/4",
  |     "pkcs1_public_key": "MIGJAoGBAOVxpmJr4ELzX67oQl8YCrHPk61sRwESc8kAFDm9PwrY/Wd/PqBVsCQUFYBmo5dSukdJ/ZkeyXqA9pArnlqn/G42EVUjPPNURiex4W6LbSHXr/96Wt/0Ov7d+8ETkmLUZ+QsdB+9S6CrkG9pfhdUKLBoJ/YPujOhDBQvWNQSnXzXAgMBAAE=",
  |     "timeout": 86400000000000,
  |     "anon_methods": [
  |       "account.user.loginByWeChat"
  |     ],
  |     "default_policy": "deny"
  |   },
  |   "transport": {
  |     "sign_type": "md5",
  |     "sign_keys": {
  |       "global": "521004524ef99ad954ad93c3f91c82fd",
  |       "wechat": "d41d8cd98f00b204e9800998ecf8427e"
  |     },
  |     "default_policy": "deny"
  |   },
  |   "extras": {
  |     "alipay": {
  |       "name": ""
  |     },
  |     "wechat_mini": {
  |       "app_id": "",
  |       "app_secret": ""
  |     }
  |   }
  | }
  
2022-07-05T19:08:37.422+0800 [TRACE] server/server_register.go:53: register health backend: path=/example/health
2022-07-05T19:08:41.951+0800 [TRACE] framework/backend.go:70: backend.account: handle request before: request="{\"backend\":\"account\",\"endpoint\":\"user\",\"operation\":\"logout\",\"data\":\"{}\",\"authorized\":{\"id\":\"1\",\"account\":\"example-account\",\"principal\":{\"mobile\":\"13800000000\"}},\"token\":\"\",\"headers\":{\"X-Trace-ID\":[\"1056dbbd-0c3d-487b-828d-c0341e2bc305\"]},\"connection\":{\"remote_addr\":\"[::1]:53649\",\"user_agent\":\"Mozilla/5.0 (Macintosh; Intel Mac OS X 10_15_7) AppleWebKit/537.36 (KHTML, like Gecko) Chrome/103.0.0.0 Safari/537.36\"}}"
2022-07-05T19:08:41.951+0800 [TRACE] framework/backend.go:84: backend.account: handle request after: err="WrapperError: code=3001 scope= err=" response="{\"code\":0}"
2022-07-05T19:09:02.707+0800 [TRACE] framework/backend.go:70: backend.account: handle request before: request="{\"backend\":\"account\",\"endpoint\":\"user\",\"operation\":\"home\",\"data\":\"{}\",\"authorized\":{\"id\":\"1\",\"account\":\"example-account\",\"principal\":{\"mobile\":\"13800000000\"}},\"token\":\"\",\"headers\":{\"X-Trace-ID\":[\"70273c1d-650f-4ca0-b8a8-6c499743c08f\"]},\"connection\":{\"remote_addr\":\"[::1]:53742\",\"user_agent\":\"Mozilla/5.0 (Macintosh; Intel Mac OS X 10_15_7) AppleWebKit/537.36 (KHTML, like Gecko) Chrome/103.0.0.0 Safari/537.36\"}}"
2022-07-05T19:09:02.707+0800 [TRACE] framework/backend.go:84: backend.account: handle request after: err=<nil> response="{\"code\":0,\"data\":{\"name\":\"112230192c58\"}}"
2022-07-05T19:09:41.668+0800 [TRACE] framework/backend.go:70: backend.account: handle request before: request="{\"backend\":\"account\",\"endpoint\":\"user\",\"operation\":\"logout\",\"data\":\"{}\",\"authorized\":{\"id\":\"1\",\"account\":\"example-account\",\"principal\":{\"mobile\":\"13800000000\"}},\"token\":\"\",\"headers\":{\"X-Trace-ID\":[\"7e958fed-22bd-4678-92b2-826838c6604b\"]},\"connection\":{\"remote_addr\":\"[::1]:53910\",\"user_agent\":\"Mozilla/5.0 (Macintosh; Intel Mac OS X 10_15_7) AppleWebKit/537.36 (KHTML, like Gecko) Chrome/103.0.0.0 Safari/537.36\"}}"
2022-07-05T19:09:41.668+0800 [TRACE] framework/backend.go:84: backend.account: handle request after: err="WrapperError: code=3001 scope= err=" response="{\"code\":0}"
2022-07-05T19:10:47.306+0800 [TRACE] turbo/turbo.go:59: initialize config:
  config=
  | {
  |   "xorm": {
  |     "driver": "mysql",
  |     "master": "root:123456@tcp(127.0.0.1:3306)/example?charset=utf8",
  |     "slaves": [],
  |     "show_sql": true,
  |     "max_idle": 360000,
  |     "max_conn": 36000
  |   },
  |   "redis": {
  |     "Addrs": [
  |       "127.0.0.1:6379"
  |     ],
  |     "Password": "",
  |     "KeyPrefix": "",
  |     "DbIndex": 0,
  |     "DialTimeout": 0,
  |     "ReadTimeout": 0,
  |     "WriteTimeout": 0,
  |     "ReadOnly": false,
  |     "PoolSize": 0,
  |     "PoolTimeout": 0,
  |     "IdleTimeout": 0,
  |     "IdleCheckFrequency": 0,
  |     "UseCluster": false,
  |     "TLSConfig": null
  |   },
  |   "authorization": {
  |     "auth_type": "jwt",
  |     "pkcs8_private_key": "MIICeAIBADANBgkqhkiG9w0BAQEFAASCAmIwggJeAgEAAoGBAOVxpmJr4ELzX67oQl8YCrHPk61sRwESc8kAFDm9PwrY/Wd/PqBVsCQUFYBmo5dSukdJ/ZkeyXqA9pArnlqn/G42EVUjPPNURiex4W6LbSHXr/96Wt/0Ov7d+8ETkmLUZ+QsdB+9S6CrkG9pfhdUKLBoJ/YPujOhDBQvWNQSnXzXAgMBAAECgYAeTQ8LKnH4hYmaYMP7KQKojuBS49zQsG4oGmGRaoO73AJDO9O6evaDHT/lsChkoKFHLudV5HH5QrTNP2VvVYYJjAcslxVchQssuagplZtbjuixNPfv2ey9qPXafHMbdPZy97uZTZkaxQ0aMNpFOGKk/m5KOXTt8lhsZBKmpb9IqQJBAO72peFpUdCWW0Fvy4Xw9VSZq09EHHForxu6YHRu4sdAXoasLf8vmoIfHBsD87Tat01K6pxw1YaBhDry9Zkr4LMCQQD1zUKMoa9YVYDA3ty8R9DAmkYoguhAV3Sm2cf1jIF/p5kazja+L6c2BGk5sxM/AG/rLMS04vw4lPO8s2boPv1NAkEAj+Q3eKc5m7eeFaYi0HGK2Ll7vUxPMD8QCktNH29R4RcylDeDrwDUMfxXqTDVBBcbf1BYO4F6IfdFT1XTa7tPHwJBAImvDkYEE1ohmttueqqkd5RLVl0+5qWT123Ws6EhsTA2SxauyA9EVh913RNK8c7qicZr70t7kdiH5veeblhNYEkCQQDrSM+LzGB2CipariZdInt/Jkp5YVlPy6Xf8D6DUxmuSgYJSbuWrtP8dAeQuZ48gEuZZbsjjNw/ngfaXxnPHt/4",
  |     "pkcs1_public_key": "MIGJAoGBAOVxpmJr4ELzX67oQl8YCrHPk61sRwESc8kAFDm9PwrY/Wd/PqBVsCQUFYBmo5dSukdJ/ZkeyXqA9pArnlqn/G42EVUjPPNURiex4W6LbSHXr/96Wt/0Ov7d+8ETkmLUZ+QsdB+9S6CrkG9pfhdUKLBoJ/YPujOhDBQvWNQSnXzXAgMBAAE=",
  |     "timeout": 86400000000000,
  |     "anon_methods": [
  |       "account.user.loginByWeChat"
  |     ],
  |     "default_policy": "deny"
  |   },
  |   "transport": {
  |     "sign_type": "md5",
  |     "sign_keys": {
  |       "global": "521004524ef99ad954ad93c3f91c82fd",
  |       "wechat": "d41d8cd98f00b204e9800998ecf8427e"
  |     },
  |     "default_policy": "deny"
  |   },
  |   "extras": {
  |     "alipay": {
  |       "name": ""
  |     },
  |     "wechat_mini": {
  |       "app_id": "",
  |       "app_secret": ""
  |     }
  |   }
  | }
  
2022-07-05T19:10:47.308+0800 [TRACE] server/server_register.go:53: register health backend: path=/example/health
2022-07-05T19:11:01.832+0800 [TRACE] framework/backend.go:70: backend.account: handle request before: request="{\"backend\":\"account\",\"endpoint\":\"user\",\"operation\":\"logout\",\"data\":\"{}\",\"authorized\":{\"id\":\"1\",\"account\":\"example-account\",\"principal\":{\"mobile\":\"13800000000\"}},\"token\":\"\",\"headers\":{\"X-Trace-ID\":[\"ede81090-15f6-4e7f-82c6-afc0aa38feb1\"]},\"connection\":{\"remote_addr\":\"[::1]:54281\",\"user_agent\":\"Mozilla/5.0 (Macintosh; Intel Mac OS X 10_15_7) AppleWebKit/537.36 (KHTML, like Gecko) Chrome/103.0.0.0 Safari/537.36\"}}"
2022-07-05T19:11:01.832+0800 [TRACE] framework/backend.go:84: backend.account: handle request after: err="WrapperError: code=3001 scope= err=client adapter is nil" response="{\"code\":0}"
2022-07-05T19:12:34.323+0800 [TRACE] turbo/turbo.go:59: initialize config:
  config=
  | {
  |   "xorm": {
  |     "driver": "mysql",
  |     "master": "root:123456@tcp(127.0.0.1:3306)/example?charset=utf8",
  |     "slaves": [],
  |     "show_sql": true,
  |     "max_idle": 360000,
  |     "max_conn": 36000
  |   },
  |   "redis": {
  |     "Addrs": [
  |       "127.0.0.1:6379"
  |     ],
  |     "Password": "",
  |     "KeyPrefix": "",
  |     "DbIndex": 0,
  |     "DialTimeout": 0,
  |     "ReadTimeout": 0,
  |     "WriteTimeout": 0,
  |     "ReadOnly": false,
  |     "PoolSize": 0,
  |     "PoolTimeout": 0,
  |     "IdleTimeout": 0,
  |     "IdleCheckFrequency": 0,
  |     "UseCluster": false,
  |     "TLSConfig": null
  |   },
  |   "authorization": {
  |     "auth_type": "jwt",
  |     "pkcs8_private_key": "MIICeAIBADANBgkqhkiG9w0BAQEFAASCAmIwggJeAgEAAoGBAOVxpmJr4ELzX67oQl8YCrHPk61sRwESc8kAFDm9PwrY/Wd/PqBVsCQUFYBmo5dSukdJ/ZkeyXqA9pArnlqn/G42EVUjPPNURiex4W6LbSHXr/96Wt/0Ov7d+8ETkmLUZ+QsdB+9S6CrkG9pfhdUKLBoJ/YPujOhDBQvWNQSnXzXAgMBAAECgYAeTQ8LKnH4hYmaYMP7KQKojuBS49zQsG4oGmGRaoO73AJDO9O6evaDHT/lsChkoKFHLudV5HH5QrTNP2VvVYYJjAcslxVchQssuagplZtbjuixNPfv2ey9qPXafHMbdPZy97uZTZkaxQ0aMNpFOGKk/m5KOXTt8lhsZBKmpb9IqQJBAO72peFpUdCWW0Fvy4Xw9VSZq09EHHForxu6YHRu4sdAXoasLf8vmoIfHBsD87Tat01K6pxw1YaBhDry9Zkr4LMCQQD1zUKMoa9YVYDA3ty8R9DAmkYoguhAV3Sm2cf1jIF/p5kazja+L6c2BGk5sxM/AG/rLMS04vw4lPO8s2boPv1NAkEAj+Q3eKc5m7eeFaYi0HGK2Ll7vUxPMD8QCktNH29R4RcylDeDrwDUMfxXqTDVBBcbf1BYO4F6IfdFT1XTa7tPHwJBAImvDkYEE1ohmttueqqkd5RLVl0+5qWT123Ws6EhsTA2SxauyA9EVh913RNK8c7qicZr70t7kdiH5veeblhNYEkCQQDrSM+LzGB2CipariZdInt/Jkp5YVlPy6Xf8D6DUxmuSgYJSbuWrtP8dAeQuZ48gEuZZbsjjNw/ngfaXxnPHt/4",
  |     "pkcs1_public_key": "MIGJAoGBAOVxpmJr4ELzX67oQl8YCrHPk61sRwESc8kAFDm9PwrY/Wd/PqBVsCQUFYBmo5dSukdJ/ZkeyXqA9pArnlqn/G42EVUjPPNURiex4W6LbSHXr/96Wt/0Ov7d+8ETkmLUZ+QsdB+9S6CrkG9pfhdUKLBoJ/YPujOhDBQvWNQSnXzXAgMBAAE=",
  |     "timeout": 86400000000000,
  |     "anon_methods": [
  |       "account.user.loginByWeChat"
  |     ],
  |     "default_policy": "deny"
  |   },
  |   "transport": {
  |     "sign_type": "md5",
  |     "sign_keys": {
  |       "global": "521004524ef99ad954ad93c3f91c82fd",
  |       "wechat": "d41d8cd98f00b204e9800998ecf8427e"
  |     },
  |     "default_policy": "deny"
  |   },
  |   "extras": {
  |     "alipay": {
  |       "name": ""
  |     },
  |     "wechat_mini": {
  |       "app_id": "",
  |       "app_secret": ""
  |     }
  |   }
  | }
  
2022-07-05T19:12:34.324+0800 [TRACE] server/server_register.go:53: register health backend: path=/example/health
2022-07-05T19:12:38.573+0800 [TRACE] framework/backend.go:70: backend.account: handle request before: request="{\"backend\":\"account\",\"endpoint\":\"user\",\"operation\":\"logout\",\"data\":\"{}\",\"authorized\":{\"id\":\"1\",\"account\":\"example-account\",\"principal\":{\"mobile\":\"13800000000\"}},\"token\":\"\",\"headers\":{\"X-Trace-ID\":[\"17529d7b-6bb4-4cf1-8496-17c9d88a87a5\"]},\"connection\":{\"remote_addr\":\"[::1]:54711\",\"user_agent\":\"Mozilla/5.0 (Macintosh; Intel Mac OS X 10_15_7) AppleWebKit/537.36 (KHTML, like Gecko) Chrome/103.0.0.0 Safari/537.36\"}}"
2022-07-05T19:12:38.573+0800 [TRACE] framework/backend.go:84: backend.account: handle request after: err="WrapperError: code=3001 scope= err=client adapter is nil" response="{\"code\":0}"
2022-07-05T19:15:00.758+0800 [TRACE] turbo/turbo.go:59: initialize config:
  config=
  | {
  |   "xorm": {
  |     "driver": "mysql",
  |     "master": "root:123456@tcp(127.0.0.1:3306)/example?charset=utf8",
  |     "slaves": [],
  |     "show_sql": true,
  |     "max_idle": 360000,
  |     "max_conn": 36000
  |   },
  |   "redis": {
  |     "Addrs": [
  |       "127.0.0.1:6379"
  |     ],
  |     "Password": "",
  |     "KeyPrefix": "",
  |     "DbIndex": 0,
  |     "DialTimeout": 0,
  |     "ReadTimeout": 0,
  |     "WriteTimeout": 0,
  |     "ReadOnly": false,
  |     "PoolSize": 0,
  |     "PoolTimeout": 0,
  |     "IdleTimeout": 0,
  |     "IdleCheckFrequency": 0,
  |     "UseCluster": false,
  |     "TLSConfig": null
  |   },
  |   "authorization": {
  |     "auth_type": "jwt",
  |     "pkcs8_private_key": "MIICeAIBADANBgkqhkiG9w0BAQEFAASCAmIwggJeAgEAAoGBAOVxpmJr4ELzX67oQl8YCrHPk61sRwESc8kAFDm9PwrY/Wd/PqBVsCQUFYBmo5dSukdJ/ZkeyXqA9pArnlqn/G42EVUjPPNURiex4W6LbSHXr/96Wt/0Ov7d+8ETkmLUZ+QsdB+9S6CrkG9pfhdUKLBoJ/YPujOhDBQvWNQSnXzXAgMBAAECgYAeTQ8LKnH4hYmaYMP7KQKojuBS49zQsG4oGmGRaoO73AJDO9O6evaDHT/lsChkoKFHLudV5HH5QrTNP2VvVYYJjAcslxVchQssuagplZtbjuixNPfv2ey9qPXafHMbdPZy97uZTZkaxQ0aMNpFOGKk/m5KOXTt8lhsZBKmpb9IqQJBAO72peFpUdCWW0Fvy4Xw9VSZq09EHHForxu6YHRu4sdAXoasLf8vmoIfHBsD87Tat01K6pxw1YaBhDry9Zkr4LMCQQD1zUKMoa9YVYDA3ty8R9DAmkYoguhAV3Sm2cf1jIF/p5kazja+L6c2BGk5sxM/AG/rLMS04vw4lPO8s2boPv1NAkEAj+Q3eKc5m7eeFaYi0HGK2Ll7vUxPMD8QCktNH29R4RcylDeDrwDUMfxXqTDVBBcbf1BYO4F6IfdFT1XTa7tPHwJBAImvDkYEE1ohmttueqqkd5RLVl0+5qWT123Ws6EhsTA2SxauyA9EVh913RNK8c7qicZr70t7kdiH5veeblhNYEkCQQDrSM+LzGB2CipariZdInt/Jkp5YVlPy6Xf8D6DUxmuSgYJSbuWrtP8dAeQuZ48gEuZZbsjjNw/ngfaXxnPHt/4",
  |     "pkcs1_public_key": "MIGJAoGBAOVxpmJr4ELzX67oQl8YCrHPk61sRwESc8kAFDm9PwrY/Wd/PqBVsCQUFYBmo5dSukdJ/ZkeyXqA9pArnlqn/G42EVUjPPNURiex4W6LbSHXr/96Wt/0Ov7d+8ETkmLUZ+QsdB+9S6CrkG9pfhdUKLBoJ/YPujOhDBQvWNQSnXzXAgMBAAE=",
  |     "timeout": 86400000000000,
  |     "anon_methods": [
  |       "account.user.loginByWeChat"
  |     ],
  |     "default_policy": "deny"
  |   },
  |   "transport": {
  |     "sign_type": "md5",
  |     "sign_keys": {
  |       "global": "521004524ef99ad954ad93c3f91c82fd",
  |       "wechat": "d41d8cd98f00b204e9800998ecf8427e"
  |     },
  |     "default_policy": "deny"
  |   },
  |   "extras": {
  |     "alipay": {
  |       "name": ""
  |     },
  |     "wechat_mini": {
  |       "app_id": "",
  |       "app_secret": ""
  |     }
  |   }
  | }
  
2022-07-05T19:15:00.759+0800 [TRACE] server/server_register.go:53: register health backend: path=/example/health
2022-07-05T19:17:09.453+0800 [TRACE] turbo/turbo.go:59: initialize config:
  config=
  | {
  |   "xorm": {
  |     "driver": "mysql",
  |     "master": "root:123456@tcp(127.0.0.1:3306)/example?charset=utf8",
  |     "slaves": [],
  |     "show_sql": true,
  |     "max_idle": 360000,
  |     "max_conn": 36000
  |   },
  |   "redis": {
  |     "Addrs": [
  |       "127.0.0.1:6379"
  |     ],
  |     "Password": "",
  |     "KeyPrefix": "",
  |     "DbIndex": 0,
  |     "DialTimeout": 0,
  |     "ReadTimeout": 0,
  |     "WriteTimeout": 0,
  |     "ReadOnly": false,
  |     "PoolSize": 0,
  |     "PoolTimeout": 0,
  |     "IdleTimeout": 0,
  |     "IdleCheckFrequency": 0,
  |     "UseCluster": false,
  |     "TLSConfig": null
  |   },
  |   "authorization": {
  |     "auth_type": "jwt",
  |     "pkcs8_private_key": "MIICeAIBADANBgkqhkiG9w0BAQEFAASCAmIwggJeAgEAAoGBAOVxpmJr4ELzX67oQl8YCrHPk61sRwESc8kAFDm9PwrY/Wd/PqBVsCQUFYBmo5dSukdJ/ZkeyXqA9pArnlqn/G42EVUjPPNURiex4W6LbSHXr/96Wt/0Ov7d+8ETkmLUZ+QsdB+9S6CrkG9pfhdUKLBoJ/YPujOhDBQvWNQSnXzXAgMBAAECgYAeTQ8LKnH4hYmaYMP7KQKojuBS49zQsG4oGmGRaoO73AJDO9O6evaDHT/lsChkoKFHLudV5HH5QrTNP2VvVYYJjAcslxVchQssuagplZtbjuixNPfv2ey9qPXafHMbdPZy97uZTZkaxQ0aMNpFOGKk/m5KOXTt8lhsZBKmpb9IqQJBAO72peFpUdCWW0Fvy4Xw9VSZq09EHHForxu6YHRu4sdAXoasLf8vmoIfHBsD87Tat01K6pxw1YaBhDry9Zkr4LMCQQD1zUKMoa9YVYDA3ty8R9DAmkYoguhAV3Sm2cf1jIF/p5kazja+L6c2BGk5sxM/AG/rLMS04vw4lPO8s2boPv1NAkEAj+Q3eKc5m7eeFaYi0HGK2Ll7vUxPMD8QCktNH29R4RcylDeDrwDUMfxXqTDVBBcbf1BYO4F6IfdFT1XTa7tPHwJBAImvDkYEE1ohmttueqqkd5RLVl0+5qWT123Ws6EhsTA2SxauyA9EVh913RNK8c7qicZr70t7kdiH5veeblhNYEkCQQDrSM+LzGB2CipariZdInt/Jkp5YVlPy6Xf8D6DUxmuSgYJSbuWrtP8dAeQuZ48gEuZZbsjjNw/ngfaXxnPHt/4",
  |     "pkcs1_public_key": "MIGJAoGBAOVxpmJr4ELzX67oQl8YCrHPk61sRwESc8kAFDm9PwrY/Wd/PqBVsCQUFYBmo5dSukdJ/ZkeyXqA9pArnlqn/G42EVUjPPNURiex4W6LbSHXr/96Wt/0Ov7d+8ETkmLUZ+QsdB+9S6CrkG9pfhdUKLBoJ/YPujOhDBQvWNQSnXzXAgMBAAE=",
  |     "timeout": 86400000000000,
  |     "anon_methods": [
  |       "account.user.loginByWeChat"
  |     ],
  |     "default_policy": "deny"
  |   },
  |   "transport": {
  |     "sign_type": "md5",
  |     "sign_keys": {
  |       "global": "521004524ef99ad954ad93c3f91c82fd",
  |       "wechat": "d41d8cd98f00b204e9800998ecf8427e"
  |     },
  |     "default_policy": "deny"
  |   },
  |   "extras": {
  |     "alipay": {
  |       "name": ""
  |     },
  |     "wechat_mini": {
  |       "app_id": "",
  |       "app_secret": ""
  |     }
  |   }
  | }
  
2022-07-05T19:17:09.454+0800 [TRACE] server/server_register.go:53: register health backend: path=/example/health
2022-07-05T19:17:30.280+0800 [TRACE] turbo/turbo.go:59: initialize config:
  config=
  | {
  |   "xorm": {
  |     "driver": "mysql",
  |     "master": "root:123456@tcp(127.0.0.1:3306)/example?charset=utf8",
  |     "slaves": [],
  |     "show_sql": true,
  |     "max_idle": 360000,
  |     "max_conn": 36000
  |   },
  |   "redis": {
  |     "Addrs": [
  |       "127.0.0.1:6379"
  |     ],
  |     "Password": "",
  |     "KeyPrefix": "",
  |     "DbIndex": 0,
  |     "DialTimeout": 0,
  |     "ReadTimeout": 0,
  |     "WriteTimeout": 0,
  |     "ReadOnly": false,
  |     "PoolSize": 0,
  |     "PoolTimeout": 0,
  |     "IdleTimeout": 0,
  |     "IdleCheckFrequency": 0,
  |     "UseCluster": false,
  |     "TLSConfig": null
  |   },
  |   "authorization": {
  |     "auth_type": "jwt",
  |     "pkcs8_private_key": "MIICeAIBADANBgkqhkiG9w0BAQEFAASCAmIwggJeAgEAAoGBAOVxpmJr4ELzX67oQl8YCrHPk61sRwESc8kAFDm9PwrY/Wd/PqBVsCQUFYBmo5dSukdJ/ZkeyXqA9pArnlqn/G42EVUjPPNURiex4W6LbSHXr/96Wt/0Ov7d+8ETkmLUZ+QsdB+9S6CrkG9pfhdUKLBoJ/YPujOhDBQvWNQSnXzXAgMBAAECgYAeTQ8LKnH4hYmaYMP7KQKojuBS49zQsG4oGmGRaoO73AJDO9O6evaDHT/lsChkoKFHLudV5HH5QrTNP2VvVYYJjAcslxVchQssuagplZtbjuixNPfv2ey9qPXafHMbdPZy97uZTZkaxQ0aMNpFOGKk/m5KOXTt8lhsZBKmpb9IqQJBAO72peFpUdCWW0Fvy4Xw9VSZq09EHHForxu6YHRu4sdAXoasLf8vmoIfHBsD87Tat01K6pxw1YaBhDry9Zkr4LMCQQD1zUKMoa9YVYDA3ty8R9DAmkYoguhAV3Sm2cf1jIF/p5kazja+L6c2BGk5sxM/AG/rLMS04vw4lPO8s2boPv1NAkEAj+Q3eKc5m7eeFaYi0HGK2Ll7vUxPMD8QCktNH29R4RcylDeDrwDUMfxXqTDVBBcbf1BYO4F6IfdFT1XTa7tPHwJBAImvDkYEE1ohmttueqqkd5RLVl0+5qWT123Ws6EhsTA2SxauyA9EVh913RNK8c7qicZr70t7kdiH5veeblhNYEkCQQDrSM+LzGB2CipariZdInt/Jkp5YVlPy6Xf8D6DUxmuSgYJSbuWrtP8dAeQuZ48gEuZZbsjjNw/ngfaXxnPHt/4",
  |     "pkcs1_public_key": "MIGJAoGBAOVxpmJr4ELzX67oQl8YCrHPk61sRwESc8kAFDm9PwrY/Wd/PqBVsCQUFYBmo5dSukdJ/ZkeyXqA9pArnlqn/G42EVUjPPNURiex4W6LbSHXr/96Wt/0Ov7d+8ETkmLUZ+QsdB+9S6CrkG9pfhdUKLBoJ/YPujOhDBQvWNQSnXzXAgMBAAE=",
  |     "timeout": 86400000000000,
  |     "anon_methods": [
  |       "account.user.loginByWeChat"
  |     ],
  |     "default_policy": "deny"
  |   },
  |   "transport": {
  |     "sign_type": "md5",
  |     "sign_keys": {
  |       "global": "521004524ef99ad954ad93c3f91c82fd",
  |       "wechat": "d41d8cd98f00b204e9800998ecf8427e"
  |     },
  |     "default_policy": "deny"
  |   },
  |   "extras": {
  |     "alipay": {
  |       "name": ""
  |     },
  |     "wechat_mini": {
  |       "app_id": "",
  |       "app_secret": ""
  |     }
  |   }
  | }
  
2022-07-05T19:17:30.281+0800 [TRACE] server/server_register.go:53: register health backend: path=/example/health
2022-07-05T19:17:34.029+0800 [TRACE] framework/backend.go:70: backend.account: handle request before: request="{\"backend\":\"account\",\"endpoint\":\"user\",\"operation\":\"logout\",\"data\":\"{}\",\"authorized\":{\"id\":\"1\",\"account\":\"example-account\",\"principal\":{\"mobile\":\"13800000000\"}},\"token\":\"\",\"headers\":{\"X-Trace-ID\":[\"25c10e8e-62ec-4010-8c63-b8055ab72cac\"]},\"connection\":{\"remote_addr\":\"[::1]:56046\",\"user_agent\":\"Mozilla/5.0 (Macintosh; Intel Mac OS X 10_15_7) AppleWebKit/537.36 (KHTML, like Gecko) Chrome/103.0.0.0 Safari/537.36\"}}"
2022-07-05T19:17:34.029+0800 [TRACE] framework/backend.go:84: backend.account: handle request after: err="WrapperError: code=3001 scope= err=client adapter is nil" response="{\"code\":0}"
2022-07-05T19:20:42.830+0800 [TRACE] turbo/turbo.go:59: initialize config:
  config=
  | {
  |   "xorm": {
  |     "driver": "mysql",
  |     "master": "root:123456@tcp(127.0.0.1:3306)/example?charset=utf8",
  |     "slaves": [],
  |     "show_sql": true,
  |     "max_idle": 360000,
  |     "max_conn": 36000
  |   },
  |   "redis": {
  |     "Addrs": [
  |       "127.0.0.1:6379"
  |     ],
  |     "Password": "",
  |     "KeyPrefix": "",
  |     "DbIndex": 0,
  |     "DialTimeout": 0,
  |     "ReadTimeout": 0,
  |     "WriteTimeout": 0,
  |     "ReadOnly": false,
  |     "PoolSize": 0,
  |     "PoolTimeout": 0,
  |     "IdleTimeout": 0,
  |     "IdleCheckFrequency": 0,
  |     "UseCluster": false,
  |     "TLSConfig": null
  |   },
  |   "authorization": {
  |     "auth_type": "jwt",
  |     "pkcs8_private_key": "MIICeAIBADANBgkqhkiG9w0BAQEFAASCAmIwggJeAgEAAoGBAOVxpmJr4ELzX67oQl8YCrHPk61sRwESc8kAFDm9PwrY/Wd/PqBVsCQUFYBmo5dSukdJ/ZkeyXqA9pArnlqn/G42EVUjPPNURiex4W6LbSHXr/96Wt/0Ov7d+8ETkmLUZ+QsdB+9S6CrkG9pfhdUKLBoJ/YPujOhDBQvWNQSnXzXAgMBAAECgYAeTQ8LKnH4hYmaYMP7KQKojuBS49zQsG4oGmGRaoO73AJDO9O6evaDHT/lsChkoKFHLudV5HH5QrTNP2VvVYYJjAcslxVchQssuagplZtbjuixNPfv2ey9qPXafHMbdPZy97uZTZkaxQ0aMNpFOGKk/m5KOXTt8lhsZBKmpb9IqQJBAO72peFpUdCWW0Fvy4Xw9VSZq09EHHForxu6YHRu4sdAXoasLf8vmoIfHBsD87Tat01K6pxw1YaBhDry9Zkr4LMCQQD1zUKMoa9YVYDA3ty8R9DAmkYoguhAV3Sm2cf1jIF/p5kazja+L6c2BGk5sxM/AG/rLMS04vw4lPO8s2boPv1NAkEAj+Q3eKc5m7eeFaYi0HGK2Ll7vUxPMD8QCktNH29R4RcylDeDrwDUMfxXqTDVBBcbf1BYO4F6IfdFT1XTa7tPHwJBAImvDkYEE1ohmttueqqkd5RLVl0+5qWT123Ws6EhsTA2SxauyA9EVh913RNK8c7qicZr70t7kdiH5veeblhNYEkCQQDrSM+LzGB2CipariZdInt/Jkp5YVlPy6Xf8D6DUxmuSgYJSbuWrtP8dAeQuZ48gEuZZbsjjNw/ngfaXxnPHt/4",
  |     "pkcs1_public_key": "MIGJAoGBAOVxpmJr4ELzX67oQl8YCrHPk61sRwESc8kAFDm9PwrY/Wd/PqBVsCQUFYBmo5dSukdJ/ZkeyXqA9pArnlqn/G42EVUjPPNURiex4W6LbSHXr/96Wt/0Ov7d+8ETkmLUZ+QsdB+9S6CrkG9pfhdUKLBoJ/YPujOhDBQvWNQSnXzXAgMBAAE=",
  |     "timeout": 86400000000000,
  |     "anon_methods": [
  |       "account.user.loginByWeChat"
  |     ],
  |     "default_policy": "deny"
  |   },
  |   "transport": {
  |     "sign_type": "md5",
  |     "sign_keys": {
  |       "global": "521004524ef99ad954ad93c3f91c82fd",
  |       "wechat": "d41d8cd98f00b204e9800998ecf8427e"
  |     },
  |     "default_policy": "deny"
  |   },
  |   "extras": {
  |     "alipay": {
  |       "name": ""
  |     },
  |     "wechat_mini": {
  |       "app_id": "",
  |       "app_secret": ""
  |     }
  |   }
  | }
  
2022-07-05T19:20:42.831+0800 [TRACE] server/server_register.go:53: register health backend: path=/example/health
2022-07-05T19:20:46.554+0800 [TRACE] framework/backend.go:70: backend.account: handle request before: request="{\"backend\":\"account\",\"endpoint\":\"user\",\"operation\":\"logout\",\"data\":\"{}\",\"authorized\":{\"id\":\"1\",\"account\":\"example-account\",\"principal\":{\"mobile\":\"13800000000\"}},\"token\":\"\",\"headers\":{\"X-Trace-ID\":[\"26145b10-4f03-491f-9c36-9fd5f358b43e\"]},\"connection\":{\"remote_addr\":\"[::1]:56886\",\"user_agent\":\"Mozilla/5.0 (Macintosh; Intel Mac OS X 10_15_7) AppleWebKit/537.36 (KHTML, like Gecko) Chrome/103.0.0.0 Safari/537.36\"}}"
2022-07-05T19:20:46.554+0800 [TRACE] framework/backend.go:84: backend.account: handle request after: err=<nil> response="{\"code\":3001,\"message\":\"client adapter is nil\"}"
2022-07-05T19:23:10.000+0800 [TRACE] turbo/turbo.go:59: initialize config:
  config=
  | {
  |   "xorm": {
  |     "driver": "mysql",
  |     "master": "root:123456@tcp(127.0.0.1:3306)/example?charset=utf8",
  |     "slaves": [],
  |     "show_sql": true,
  |     "max_idle": 360000,
  |     "max_conn": 36000
  |   },
  |   "redis": {
  |     "Addrs": [
  |       "127.0.0.1:6379"
  |     ],
  |     "Password": "",
  |     "KeyPrefix": "",
  |     "DbIndex": 0,
  |     "DialTimeout": 0,
  |     "ReadTimeout": 0,
  |     "WriteTimeout": 0,
  |     "ReadOnly": false,
  |     "PoolSize": 0,
  |     "PoolTimeout": 0,
  |     "IdleTimeout": 0,
  |     "IdleCheckFrequency": 0,
  |     "UseCluster": false,
  |     "TLSConfig": null
  |   },
  |   "authorization": {
  |     "auth_type": "jwt",
  |     "pkcs8_private_key": "MIICeAIBADANBgkqhkiG9w0BAQEFAASCAmIwggJeAgEAAoGBAOVxpmJr4ELzX67oQl8YCrHPk61sRwESc8kAFDm9PwrY/Wd/PqBVsCQUFYBmo5dSukdJ/ZkeyXqA9pArnlqn/G42EVUjPPNURiex4W6LbSHXr/96Wt/0Ov7d+8ETkmLUZ+QsdB+9S6CrkG9pfhdUKLBoJ/YPujOhDBQvWNQSnXzXAgMBAAECgYAeTQ8LKnH4hYmaYMP7KQKojuBS49zQsG4oGmGRaoO73AJDO9O6evaDHT/lsChkoKFHLudV5HH5QrTNP2VvVYYJjAcslxVchQssuagplZtbjuixNPfv2ey9qPXafHMbdPZy97uZTZkaxQ0aMNpFOGKk/m5KOXTt8lhsZBKmpb9IqQJBAO72peFpUdCWW0Fvy4Xw9VSZq09EHHForxu6YHRu4sdAXoasLf8vmoIfHBsD87Tat01K6pxw1YaBhDry9Zkr4LMCQQD1zUKMoa9YVYDA3ty8R9DAmkYoguhAV3Sm2cf1jIF/p5kazja+L6c2BGk5sxM/AG/rLMS04vw4lPO8s2boPv1NAkEAj+Q3eKc5m7eeFaYi0HGK2Ll7vUxPMD8QCktNH29R4RcylDeDrwDUMfxXqTDVBBcbf1BYO4F6IfdFT1XTa7tPHwJBAImvDkYEE1ohmttueqqkd5RLVl0+5qWT123Ws6EhsTA2SxauyA9EVh913RNK8c7qicZr70t7kdiH5veeblhNYEkCQQDrSM+LzGB2CipariZdInt/Jkp5YVlPy6Xf8D6DUxmuSgYJSbuWrtP8dAeQuZ48gEuZZbsjjNw/ngfaXxnPHt/4",
  |     "pkcs1_public_key": "MIGJAoGBAOVxpmJr4ELzX67oQl8YCrHPk61sRwESc8kAFDm9PwrY/Wd/PqBVsCQUFYBmo5dSukdJ/ZkeyXqA9pArnlqn/G42EVUjPPNURiex4W6LbSHXr/96Wt/0Ov7d+8ETkmLUZ+QsdB+9S6CrkG9pfhdUKLBoJ/YPujOhDBQvWNQSnXzXAgMBAAE=",
  |     "timeout": 86400000000000,
  |     "anon_methods": [
  |       "account.user.loginByWeChat"
  |     ],
  |     "default_policy": "deny"
  |   },
  |   "transport": {
  |     "sign_type": "md5",
  |     "sign_keys": {
  |       "global": "521004524ef99ad954ad93c3f91c82fd",
  |       "wechat": "d41d8cd98f00b204e9800998ecf8427e"
  |     },
  |     "default_policy": "deny"
  |   },
  |   "extras": {
  |     "alipay": {
  |       "name": ""
  |     },
  |     "wechat_mini": {
  |       "app_id": "",
  |       "app_secret": ""
  |     }
  |   }
  | }
  
2022-07-05T19:23:10.001+0800 [TRACE] server/server_register.go:53: register health backend: path=/example/health
2022-07-05T19:23:14.427+0800 [TRACE] framework/backend.go:70: backend.account: handle request before: request="{\"backend\":\"account\",\"endpoint\":\"user\",\"operation\":\"logout\",\"data\":\"{}\",\"authorized\":{\"id\":\"1\",\"account\":\"example-account\",\"principal\":{\"mobile\":\"13800000000\"}},\"token\":\"\",\"headers\":{\"X-Trace-ID\":[\"8ff5ad3c-662b-4e27-8e1b-2b9d6166207a\"]},\"connection\":{\"remote_addr\":\"[::1]:57538\",\"user_agent\":\"Mozilla/5.0 (Macintosh; Intel Mac OS X 10_15_7) AppleWebKit/537.36 (KHTML, like Gecko) Chrome/103.0.0.0 Safari/537.36\"}}"
2022-07-05T19:23:14.427+0800 [TRACE] framework/backend.go:84: backend.account: handle request after: err=<nil> response="{\"code\":3001,\"message\":\"client adapter is nil\"}"
