2022-07-05T17:00:22.197+0800 [INFO]  logging/logging.go:45: rotate logging: next="2022-07-06T00:00:00+08:00"
2022-07-05T17:00:22.199+0800 [INFO]  server/server_backend.go:34: register backend: name=account
2022-07-05T17:00:22.199+0800 [INFO]  transport/transport.go:47: transport: initialize handle: path=/example/api method=POST
2022-07-05T17:00:22.199+0800 [INFO]  server/server_document.go:39: initialize handle: path=/example/docs
2022-07-05T17:00:22.199+0800 [INFO]  server/server.go:69: start starting
2022-07-05T17:00:22.199+0800 [INFO]  server/server.go:71: server listening on : address=0.0.0.0:8081
2022-07-05T17:00:22.199+0800 [INFO]  server/server.go:98: server start completed
2022-07-05T17:01:16.756+0800 [INFO]  logging/logging.go:45: rotate logging: next="2022-07-06T00:00:00+08:00"
2022-07-05T17:01:16.757+0800 [INFO]  server/server_backend.go:34: register backend: name=account
2022-07-05T17:01:16.757+0800 [INFO]  transport/transport.go:47: transport: initialize handle: path=/example/api method=POST
2022-07-05T17:01:16.757+0800 [INFO]  server/server_document.go:39: initialize handle: path=/example/docs
2022-07-05T17:01:16.757+0800 [INFO]  server/server.go:69: start starting
2022-07-05T17:01:16.757+0800 [INFO]  server/server.go:71: server listening on : address=0.0.0.0:8081
2022-07-05T17:01:32.201+0800 [INFO]  logging/logging.go:45: rotate logging: next="2022-07-06T00:00:00+08:00"
2022-07-05T17:01:32.203+0800 [INFO]  server/server_backend.go:34: register backend: name=account
2022-07-05T17:01:32.203+0800 [INFO]  transport/transport.go:47: transport: initialize handle: path=/example/api method=POST
2022-07-05T17:01:32.203+0800 [INFO]  server/server_document.go:39: initialize handle: path=/example/docs
2022-07-05T17:01:32.203+0800 [INFO]  server/server.go:69: start starting
2022-07-05T17:01:32.203+0800 [INFO]  server/server.go:71: server listening on : address=0.0.0.0:8081
2022-07-05T17:01:32.204+0800 [INFO]  server/server.go:98: server start completed
2022-07-05T17:07:30.474+0800 [INFO]  server/server.go:105: Server shutting
2022-07-05T17:07:33.248+0800 [INFO]  logging/logging.go:45: rotate logging: next="2022-07-06T00:00:00+08:00"
2022-07-05T17:07:33.248+0800 [INFO]  server/server_backend.go:34: register backend: name=account
2022-07-05T17:07:33.248+0800 [INFO]  transport/transport.go:47: transport: initialize handle: path=/example/api method=POST
2022-07-05T17:07:33.248+0800 [INFO]  server/server_document.go:39: initialize handle: path=/example/docs
2022-07-05T17:07:33.249+0800 [INFO]  server/server.go:69: start starting
2022-07-05T17:07:33.249+0800 [INFO]  server/server.go:71: server listening on : address=0.0.0.0:8081
2022-07-05T17:07:33.249+0800 [INFO]  server/server.go:98: server start completed
2022-07-05T17:20:05.124+0800 [INFO]  logging/logging.go:45: rotate logging: next="2022-07-06T00:00:00+08:00"
2022-07-05T17:20:05.125+0800 [INFO]  server/server_backend.go:34: register backend: name=account
2022-07-05T17:20:05.125+0800 [INFO]  transport/transport.go:47: transport: initialize handle: path=/example/api method=POST
2022-07-05T17:20:05.126+0800 [INFO]  server/server_document.go:39: initialize handle: path=/example/docs
2022-07-05T17:20:05.126+0800 [INFO]  server/server.go:69: start starting
2022-07-05T17:20:05.126+0800 [INFO]  server/server.go:71: server listening on : address=0.0.0.0:8081
2022-07-05T17:20:05.126+0800 [INFO]  server/server.go:98: server start completed
2022-07-05T17:20:14.978+0800 [ERROR] transport/transport.go:72: transport: verify request sign error: path=/example/api client-id="" sign=00000000000000000000000000000000 err="headers[X-Client-ID] cannot be empty"
2022-07-05T17:20:39.151+0800 [ERROR] transport/transport.go:72: transport: verify request sign error: path=/example/api client-id="" sign=00000000000000000000000000000000 err="headers[X-Client-ID] cannot be empty"
2022-07-05T17:21:08.440+0800 [INFO]  logging/logging.go:45: rotate logging: next="2022-07-06T00:00:00+08:00"
2022-07-05T17:21:08.441+0800 [INFO]  server/server_backend.go:34: register backend: name=account
2022-07-05T17:21:08.441+0800 [INFO]  transport/transport.go:47: transport: initialize handle: path=/example/api method=POST
2022-07-05T17:21:08.441+0800 [INFO]  server/server_document.go:39: initialize handle: path=/example/docs
2022-07-05T17:21:08.441+0800 [INFO]  server/server.go:69: start starting
2022-07-05T17:21:08.441+0800 [INFO]  server/server.go:71: server listening on : address=0.0.0.0:8081
2022-07-05T17:21:08.442+0800 [INFO]  server/server.go:98: server start completed
2022-07-05T17:21:13.994+0800 [ERROR] transport/transport.go:84: transport: handle request error: path=/example/api err="parse token: get value with key example:Bearer eyJhbGciOiJSUzUxMiIsInR5cCI6IkpXVCJ9.eyJpc3MiOiJEby1ub3QtaW52b2x1dGlvbkAzNjYyNTA5MCIsImF1ZCI6WyJleGFtcGxlLWFjY291bnQiXSwiZXhwIjoxNzQzMzkzNzg3LCJqdGkiOiIxIiwiQWNjb3VudFJvbGVzIjpbIm1lbWJlciJdLCJQcmluY2lwYWwiOiJlaGNaeWlac2hKVmZ4NzhsVlJwSjViMWRRdlIzQUdKNnMrUWI5ZFNWdTlsUTBNL0dWa1lVRC82RDhJUi83MWF2RkM2QjhjU3RLT1RuZXlWYUs3S3JoUy9Pc1JmcTN3QW1DQ1Q1ck1RUlpENkZXWHlsRlp1ckxxMXpNWncra2J0ZG51UmhCblV2ZEZXYkpTeTU2NkJzeWt3NW02U201LzRVczJ2RTJFS0RGUzg9In0.mWT8Znebr-Q-s6Ifq6JaxlVFVXxEg8Xjky16EUtagndDCx5tOD3cj6MLtneQnUD2V1EEWDwM_LSkODJIutxTu4TrKzvzRm1CGEQmXS_Xy3IQY-nIv_NWxvkPSzdE7N9MbEQbcHQINwD2__9uhqXNTiDpKs0-d0OXvlW6x_FM1og, error: redis: nil"
2022-07-05T17:21:31.709+0800 [ERROR] transport/transport.go:84: transport: handle request error: path=/example/api err="parse token: get value with key example:Bearer eyJhbGciOiJSUzUxMiIsInR5cCI6IkpXVCJ9.eyJpc3MiOiJEby1ub3QtaW52b2x1dGlvbkAzNjYyNTA5MCIsImF1ZCI6WyJleGFtcGxlLWFjY291bnQiXSwiZXhwIjoxNzQzMzkzNzg3LCJqdGkiOiIxIiwiQWNjb3VudFJvbGVzIjpbIm1lbWJlciJdLCJQcmluY2lwYWwiOiJlaGNaeWlac2hKVmZ4NzhsVlJwSjViMWRRdlIzQUdKNnMrUWI5ZFNWdTlsUTBNL0dWa1lVRC82RDhJUi83MWF2RkM2QjhjU3RLT1RuZXlWYUs3S3JoUy9Pc1JmcTN3QW1DQ1Q1ck1RUlpENkZXWHlsRlp1ckxxMXpNWncra2J0ZG51UmhCblV2ZEZXYkpTeTU2NkJzeWt3NW02U201LzRVczJ2RTJFS0RGUzg9In0.mWT8Znebr-Q-s6Ifq6JaxlVFVXxEg8Xjky16EUtagndDCx5tOD3cj6MLtneQnUD2V1EEWDwM_LSkODJIutxTu4TrKzvzRm1CGEQmXS_Xy3IQY-nIv_NWxvkPSzdE7N9MbEQbcHQINwD2__9uhqXNTiDpKs0-d0OXvlW6x_FM1og, error: redis: nil"
2022-07-05T17:21:58.194+0800 [INFO]  logging/logging.go:45: rotate logging: next="2022-07-06T00:00:00+08:00"
2022-07-05T17:21:58.196+0800 [INFO]  server/server_backend.go:34: register backend: name=account
2022-07-05T17:21:58.196+0800 [INFO]  transport/transport.go:47: transport: initialize handle: path=/example/api method=POST
2022-07-05T17:21:58.196+0800 [INFO]  server/server_document.go:39: initialize handle: path=/example/docs
2022-07-05T17:21:58.196+0800 [INFO]  server/server.go:69: start starting
2022-07-05T17:21:58.196+0800 [INFO]  server/server.go:71: server listening on : address=0.0.0.0:8081
2022-07-05T17:21:58.196+0800 [INFO]  server/server.go:98: server start completed
2022-07-05T17:22:03.692+0800 [ERROR] framework/backend.go:75: backend.account: recover panic: err="runtime error: invalid memory address or nil pointer dereference"
  stack=
  | goroutine 22 [running]:
  | runtime/debug.Stack()
  | 	/usr/local/go/src/runtime/debug/stack.go:24 +0x65
  | github.com/36625090/turbo/framework.(*Backend).HandleRequest.func1()
  | 	/Volumes/development/turbo/framework/backend.go:75 +0x78
  | panic({0x1a08340, 0x2308be0})
  | 	/usr/local/go/src/runtime/panic.go:838 +0x207
  | github.com/36625090/turbo/example/services/account/controller.(*backend).userLogout(0x2?, {0x100d487?, 0xc0004df468?}, 0xc0001ae000, 0xc000402c30)
  | 	/Volumes/development/turbo/example/services/account/controller/user_logout.go:12 +0x3b
  | github.com/36625090/turbo/framework.(*Backend).HandleRequest(0xc0002ae000, {0x1ca1878, 0xc0000b0000}, 0xc0001ae000)
  | 	/Volumes/development/turbo/framework/backend.go:142 +0x522
  | github.com/36625090/turbo/server.(*Server).initBackendAPIServer.func1(0xc000404060)
  | 	/Volumes/development/turbo/server/server_backend.go:75 +0x2fd
  | github.com/36625090/turbo/transport.(*Transport).AddHandle.func1(0xc000414200)
  | 	/Volumes/development/turbo/transport/transport.go:82 +0x73c
  | github.com/gin-gonic/gin.(*Context).Next(...)
  | 	/Users/liping/go/pkg/mod/github.com/gin-gonic/gin@v1.7.4/context.go:165
  | github.com/36625090/turbo/server.(*Server).requestTracer.func1(0xc000414200)
  | 	/Volumes/development/turbo/server/server_context.go:38 +0x2b8
  | github.com/gin-gonic/gin.(*Context).Next(...)
  | 	/Users/liping/go/pkg/mod/github.com/gin-gonic/gin@v1.7.4/context.go:165
  | github.com/gin-gonic/gin.(*Engine).handleHTTPRequest(0xc0006036c0, 0xc000414200)
  | 	/Users/liping/go/pkg/mod/github.com/gin-gonic/gin@v1.7.4/gin.go:489 +0x63e
  | github.com/gin-gonic/gin.(*Engine).ServeHTTP(0xc0006036c0, {0x1ca08e0?, 0xc0000cc0e0}, 0xc000414100)
  | 	/Users/liping/go/pkg/mod/github.com/gin-gonic/gin@v1.7.4/gin.go:445 +0x1c5
  | net/http.serverHandler.ServeHTTP({0x1c9ebf0?}, {0x1ca08e0, 0xc0000cc0e0}, 0xc000414100)
  | 	/usr/local/go/src/net/http/server.go:2916 +0x43b
  | net/http.(*conn).serve(0xc0000d2320, {0x1ca18e8, 0xc0004022d0})
  | 	/usr/local/go/src/net/http/server.go:1966 +0x5d7
  | created by net/http.(*Server).Serve
  | 	/usr/local/go/src/net/http/server.go:3071 +0x4db
  
2022-07-05T17:22:03.693+0800 [ERROR] framework/backend.go:88: backend.account: handle request: backend=account endpoint=user operation=logout request="{\"backend\":\"account\",\"endpoint\":\"user\",\"operation\":\"logout\",\"data\":\"{}\",\"authorized\":{\"id\":\"1\",\"account\":\"example-account\",\"principal\":{\"mobile\":\"13800000000\"}},\"token\":\"\",\"headers\":{\"X-Trace-ID\":[\"9536935d-342d-4763-a9d6-421268c49697\"]},\"connection\":{\"remote_addr\":\"[::1]:53343\",\"user_agent\":\"Mozilla/5.0 (Macintosh; Intel Mac OS X 10_15_7) AppleWebKit/537.36 (KHTML, like Gecko) Chrome/103.0.0.0 Safari/537.36\"}}" error="WrapperError: code=1001 scope= err=runtime error: invalid memory address or nil pointer dereference"
2022-07-05T17:22:03.693+0800 [ERROR] transport/transport.go:84: transport: handle request error: path=/example/api err="runtime error: invalid memory address or nil pointer dereference"
2022-07-05T17:23:11.231+0800 [INFO]  logging/logging.go:45: rotate logging: next="2022-07-06T00:00:00+08:00"
2022-07-05T17:23:11.232+0800 [INFO]  server/server_backend.go:34: register backend: name=account
2022-07-05T17:23:11.232+0800 [INFO]  transport/transport.go:47: transport: initialize handle: path=/example/api method=POST
2022-07-05T17:23:11.232+0800 [INFO]  server/server_document.go:39: initialize handle: path=/example/docs
2022-07-05T17:23:11.232+0800 [INFO]  server/server.go:69: start starting
2022-07-05T17:23:11.232+0800 [INFO]  server/server.go:71: server listening on : address=0.0.0.0:8081
2022-07-05T17:23:11.232+0800 [INFO]  server/server.go:98: server start completed
2022-07-05T17:23:14.512+0800 [ERROR] framework/backend.go:88: backend.account: handle request: backend=account endpoint=user operation=logout request="{\"backend\":\"account\",\"endpoint\":\"user\",\"operation\":\"logout\",\"data\":\"{}\",\"authorized\":{\"id\":\"1\",\"account\":\"example-account\",\"principal\":{\"mobile\":\"13800000000\"}},\"token\":\"\",\"headers\":{\"X-Trace-ID\":[\"5879d127-7fad-4034-994d-88f4084cb1b1\"]},\"connection\":{\"remote_addr\":\"[::1]:53660\",\"user_agent\":\"Mozilla/5.0 (Macintosh; Intel Mac OS X 10_15_7) AppleWebKit/537.36 (KHTML, like Gecko) Chrome/103.0.0.0 Safari/537.36\"}}" error="WrapperError: code=3001 scope= err="
2022-07-05T17:23:14.512+0800 [ERROR] transport/transport.go:84: transport: handle request error: path=/example/api err=
2022-07-05T17:23:25.043+0800 [ERROR] framework/backend.go:88: backend.account: handle request: backend=account endpoint=user operation=logout request="{\"backend\":\"account\",\"endpoint\":\"user\",\"operation\":\"logout\",\"data\":\"{}\",\"authorized\":{\"id\":\"1\",\"account\":\"example-account\",\"principal\":{\"mobile\":\"13800000000\"}},\"token\":\"\",\"headers\":{\"X-Trace-ID\":[\"39adbf99-5527-4205-8ce0-50b5dbb101cd\"]},\"connection\":{\"remote_addr\":\"[::1]:53709\",\"user_agent\":\"Mozilla/5.0 (Macintosh; Intel Mac OS X 10_15_7) AppleWebKit/537.36 (KHTML, like Gecko) Chrome/103.0.0.0 Safari/537.36\"}}" error="WrapperError: code=3001 scope= err="
2022-07-05T17:23:25.043+0800 [ERROR] transport/transport.go:84: transport: handle request error: path=/example/api err=
2022-07-05T17:25:15.588+0800 [INFO]  logging/logging.go:45: rotate logging: next="2022-07-06T00:00:00+08:00"
2022-07-05T17:25:15.589+0800 [INFO]  server/server_backend.go:34: register backend: name=account
2022-07-05T17:25:15.589+0800 [INFO]  transport/transport.go:47: transport: initialize handle: path=/example/api method=POST
2022-07-05T17:25:15.589+0800 [INFO]  server/server_document.go:39: initialize handle: path=/example/docs
2022-07-05T17:25:15.589+0800 [INFO]  server/server.go:69: start starting
2022-07-05T17:25:15.589+0800 [INFO]  server/server.go:71: server listening on : address=0.0.0.0:8081
2022-07-05T17:25:15.590+0800 [INFO]  server/server.go:98: server start completed
2022-07-05T17:25:20.230+0800 [ERROR] transport/transport.go:72: transport: verify request sign error: path=/example/api client-id="" sign=00000000000000000000000000000000 err="headers[X-Client-ID] cannot be empty"
2022-07-05T17:42:12.232+0800 [INFO]  logging/logging.go:45: rotate logging: next="2022-07-06T00:00:00+08:00"
2022-07-05T17:42:12.234+0800 [INFO]  server/server_backend.go:34: register backend: name=account
2022-07-05T17:42:12.234+0800 [INFO]  transport/transport.go:47: transport: initialize handle: path=/example/api method=POST
2022-07-05T17:42:12.234+0800 [INFO]  server/server_document.go:39: initialize handle: path=/example/docs
2022-07-05T17:42:12.234+0800 [INFO]  server/server.go:63: start starting
2022-07-05T17:42:12.234+0800 [INFO]  server/server.go:65: server listening on : address=0.0.0.0:8081
2022-07-05T17:42:12.234+0800 [INFO]  server/server.go:92: server start completed
2022-07-05T17:42:27.512+0800 [ERROR] transport/transport.go:72: transport: verify request sign error: path=/example/api client="" sign=00000000000000000000000000000000 err="headers[X-Client-ID] cannot be empty"
2022-07-05T17:44:16.748+0800 [INFO]  logging/logging.go:45: rotate logging: next="2022-07-06T00:00:00+08:00"
2022-07-05T17:44:16.749+0800 [INFO]  server/server_backend.go:34: register backend: name=account
2022-07-05T17:44:16.749+0800 [INFO]  transport/transport.go:47: transport: initialize handle: path=/example/api method=POST
2022-07-05T17:44:16.749+0800 [INFO]  server/server_document.go:39: initialize handle: path=/example/docs
2022-07-05T17:44:16.749+0800 [INFO]  server/server.go:63: start starting
2022-07-05T17:44:16.749+0800 [INFO]  server/server.go:65: server listening on : address=0.0.0.0:8081
2022-07-05T17:44:16.750+0800 [INFO]  server/server.go:92: server start completed
2022-07-05T17:44:51.472+0800 [ERROR] framework/backend.go:88: backend.account: handle request: backend=account endpoint=user operation=logout request="{\"backend\":\"account\",\"endpoint\":\"user\",\"operation\":\"logout\",\"data\":\"{}\",\"authorized\":{\"id\":\"1\",\"account\":\"example-account\",\"principal\":{\"mobile\":\"13800000000\"}},\"token\":\"\",\"headers\":{\"X-Trace-ID\":[\"733f645a-68bb-451f-b1be-3494ca253700\"]},\"connection\":{\"remote_addr\":\"[::1]:59558\",\"user_agent\":\"Mozilla/5.0 (Macintosh; Intel Mac OS X 10_15_7) AppleWebKit/537.36 (KHTML, like Gecko) Chrome/103.0.0.0 Safari/537.36\"}}" error="WrapperError: code=3001 scope= err="
2022-07-05T17:44:51.472+0800 [ERROR] transport/transport.go:84: transport: handle request error: path=/example/api err=
2022-07-05T17:46:53.283+0800 [INFO]  logging/logging.go:45: rotate logging: next="2022-07-06T00:00:00+08:00"
2022-07-05T17:46:53.284+0800 [INFO]  server/server_backend.go:34: register backend: name=account
2022-07-05T17:46:53.285+0800 [INFO]  transport/transport.go:47: transport: initialize handle: path=/example/api method=POST
2022-07-05T17:46:53.285+0800 [INFO]  server/server_document.go:39: initialize handle: path=/example/docs
2022-07-05T17:46:53.285+0800 [INFO]  server/server.go:63: start starting
2022-07-05T17:46:53.285+0800 [INFO]  server/server.go:65: server listening on : address=0.0.0.0:8081
2022-07-05T17:46:53.285+0800 [INFO]  server/server.go:92: server start completed
2022-07-05T17:46:57.689+0800 [INFO]  example/main.go:61: signing: id="" req="&{account.user.logout {} 1657014417 1.0.0 00000000000000000000000000000000 md5}"
2022-07-05T17:46:57.690+0800 [ERROR] framework/backend.go:88: backend.account: handle request: backend=account endpoint=user operation=logout request="{\"backend\":\"account\",\"endpoint\":\"user\",\"operation\":\"logout\",\"data\":\"{}\",\"authorized\":{\"id\":\"1\",\"account\":\"example-account\",\"principal\":{\"mobile\":\"13800000000\"}},\"token\":\"\",\"headers\":{\"X-Trace-ID\":[\"0eb144fe-0042-4b4f-8137-1850b0c7b450\"]},\"connection\":{\"remote_addr\":\"[::1]:60145\",\"user_agent\":\"Mozilla/5.0 (Macintosh; Intel Mac OS X 10_15_7) AppleWebKit/537.36 (KHTML, like Gecko) Chrome/103.0.0.0 Safari/537.36\"}}" error="WrapperError: code=3001 scope= err="
2022-07-05T17:46:57.690+0800 [ERROR] transport/transport.go:84: transport: handle request error: path=/example/api err=
2022-07-05T19:08:37.420+0800 [INFO]  logging/logging.go:45: rotate logging: next="2022-07-06T00:00:00+08:00"
2022-07-05T19:08:37.422+0800 [INFO]  server/server_backend.go:34: register backend: name=account
2022-07-05T19:08:37.422+0800 [INFO]  transport/transport.go:47: transport: initialize handle: path=/example/api method=POST
2022-07-05T19:08:37.422+0800 [INFO]  server/server_document.go:39: initialize handle: path=/example/docs
2022-07-05T19:08:37.422+0800 [INFO]  server/server.go:63: start starting
2022-07-05T19:08:37.422+0800 [INFO]  server/server.go:65: server listening on : address=0.0.0.0:8081
2022-07-05T19:08:37.422+0800 [INFO]  server/server.go:92: server start completed
2022-07-05T19:08:41.950+0800 [INFO]  example/main.go:61: signing: id="" req="&{account.user.logout {} 1657019321 1.0.0 00000000000000000000000000000000 md5}"
2022-07-05T19:08:41.951+0800 [ERROR] framework/backend.go:88: backend.account: handle request: backend=account endpoint=user operation=logout request="{\"backend\":\"account\",\"endpoint\":\"user\",\"operation\":\"logout\",\"data\":\"{}\",\"authorized\":{\"id\":\"1\",\"account\":\"example-account\",\"principal\":{\"mobile\":\"13800000000\"}},\"token\":\"\",\"headers\":{\"X-Trace-ID\":[\"1056dbbd-0c3d-487b-828d-c0341e2bc305\"]},\"connection\":{\"remote_addr\":\"[::1]:53649\",\"user_agent\":\"Mozilla/5.0 (Macintosh; Intel Mac OS X 10_15_7) AppleWebKit/537.36 (KHTML, like Gecko) Chrome/103.0.0.0 Safari/537.36\"}}" error="WrapperError: code=3001 scope= err="
2022-07-05T19:08:41.951+0800 [ERROR] transport/transport.go:84: transport: handle request error: path=/example/api err=
2022-07-05T19:08:41.951+0800 [INFO]  example/main.go:56: signing: id=global resp="&{3001  <nil> <nil> 1056dbbd-0c3d-487b-828d-c0341e2bc305 1657019321949 }"
2022-07-05T19:09:02.706+0800 [INFO]  example/main.go:61: signing: id="" req="&{account.user.home {} 1657019342 1.0.0 00000000000000000000000000000000 md5}"
2022-07-05T19:09:02.707+0800 [INFO]  example/main.go:56: signing: id=global resp="&{0  map[name:112230192c58] <nil> 70273c1d-650f-4ca0-b8a8-6c499743c08f 1657019342706 }"
2022-07-05T19:09:41.667+0800 [INFO]  example/main.go:61: signing: id="" req="&{account.user.logout {} 1657019381 1.0.0 00000000000000000000000000000000 md5}"
2022-07-05T19:09:41.668+0800 [ERROR] framework/backend.go:88: backend.account: handle request: backend=account endpoint=user operation=logout request="{\"backend\":\"account\",\"endpoint\":\"user\",\"operation\":\"logout\",\"data\":\"{}\",\"authorized\":{\"id\":\"1\",\"account\":\"example-account\",\"principal\":{\"mobile\":\"13800000000\"}},\"token\":\"\",\"headers\":{\"X-Trace-ID\":[\"7e958fed-22bd-4678-92b2-826838c6604b\"]},\"connection\":{\"remote_addr\":\"[::1]:53910\",\"user_agent\":\"Mozilla/5.0 (Macintosh; Intel Mac OS X 10_15_7) AppleWebKit/537.36 (KHTML, like Gecko) Chrome/103.0.0.0 Safari/537.36\"}}" error="WrapperError: code=3001 scope= err="
2022-07-05T19:09:41.668+0800 [ERROR] transport/transport.go:84: transport: handle request error: path=/example/api err=
2022-07-05T19:09:41.668+0800 [INFO]  example/main.go:56: signing: id=global resp="&{3001  <nil> <nil> 7e958fed-22bd-4678-92b2-826838c6604b 1657019381667 }"
2022-07-05T19:10:47.305+0800 [INFO]  logging/logging.go:45: rotate logging: next="2022-07-06T00:00:00+08:00"
2022-07-05T19:10:47.307+0800 [INFO]  server/server_backend.go:34: register backend: name=account
2022-07-05T19:10:47.307+0800 [INFO]  transport/transport.go:47: transport: initialize handle: path=/example/api method=POST
2022-07-05T19:10:47.307+0800 [INFO]  server/server_document.go:39: initialize handle: path=/example/docs
2022-07-05T19:10:47.307+0800 [INFO]  server/server.go:63: start starting
2022-07-05T19:10:47.307+0800 [INFO]  server/server.go:65: server listening on : address=0.0.0.0:8081
2022-07-05T19:10:47.308+0800 [INFO]  server/server.go:92: server start completed
2022-07-05T19:11:01.832+0800 [INFO]  example/main.go:61: signing: id="" req="&{account.user.logout {} 1657019461 1.0.0 00000000000000000000000000000000 md5}"
2022-07-05T19:11:01.832+0800 [ERROR] framework/backend.go:88: backend.account: handle request: backend=account endpoint=user operation=logout request="{\"backend\":\"account\",\"endpoint\":\"user\",\"operation\":\"logout\",\"data\":\"{}\",\"authorized\":{\"id\":\"1\",\"account\":\"example-account\",\"principal\":{\"mobile\":\"13800000000\"}},\"token\":\"\",\"headers\":{\"X-Trace-ID\":[\"ede81090-15f6-4e7f-82c6-afc0aa38feb1\"]},\"connection\":{\"remote_addr\":\"[::1]:54281\",\"user_agent\":\"Mozilla/5.0 (Macintosh; Intel Mac OS X 10_15_7) AppleWebKit/537.36 (KHTML, like Gecko) Chrome/103.0.0.0 Safari/537.36\"}}" error="WrapperError: code=3001 scope= err=client adapter is nil"
2022-07-05T19:11:01.832+0800 [ERROR] transport/transport.go:84: transport: handle request error: path=/example/api err="client adapter is nil"
2022-07-05T19:11:01.832+0800 [INFO]  example/main.go:56: signing: id=global resp="&{3001 client adapter is nil <nil> <nil> ede81090-15f6-4e7f-82c6-afc0aa38feb1 1657019461832 }"
2022-07-05T19:12:34.322+0800 [INFO]  logging/logging.go:45: rotate logging: next="2022-07-06T00:00:00+08:00"
2022-07-05T19:12:34.324+0800 [INFO]  server/server_backend.go:34: register backend: name=account
2022-07-05T19:12:34.324+0800 [INFO]  transport/transport.go:47: transport: initialize handle: path=/example/api method=POST
2022-07-05T19:12:34.324+0800 [INFO]  server/server_document.go:39: initialize handle: path=/example/docs
2022-07-05T19:12:34.324+0800 [INFO]  server/server.go:63: start starting
2022-07-05T19:12:34.324+0800 [INFO]  server/server.go:65: server listening on : address=0.0.0.0:8081
2022-07-05T19:12:34.324+0800 [INFO]  server/server.go:92: server start completed
2022-07-05T19:12:38.573+0800 [INFO]  example/main.go:61: signing: id="" req="&{account.user.logout {} 1657019558 1.0.0 00000000000000000000000000000000 md5}"
2022-07-05T19:12:38.573+0800 [ERROR] framework/backend.go:88: backend.account: handle request: backend=account endpoint=user operation=logout request="{\"backend\":\"account\",\"endpoint\":\"user\",\"operation\":\"logout\",\"data\":\"{}\",\"authorized\":{\"id\":\"1\",\"account\":\"example-account\",\"principal\":{\"mobile\":\"13800000000\"}},\"token\":\"\",\"headers\":{\"X-Trace-ID\":[\"17529d7b-6bb4-4cf1-8496-17c9d88a87a5\"]},\"connection\":{\"remote_addr\":\"[::1]:54711\",\"user_agent\":\"Mozilla/5.0 (Macintosh; Intel Mac OS X 10_15_7) AppleWebKit/537.36 (KHTML, like Gecko) Chrome/103.0.0.0 Safari/537.36\"}}" error="WrapperError: code=3001 scope= err=client adapter is nil"
2022-07-05T19:12:38.573+0800 [ERROR] transport/transport.go:84: transport: handle request: path=/example/api err="client adapter is nil"
2022-07-05T19:12:38.573+0800 [INFO]  example/main.go:56: signing: id=global resp="&{3001 client adapter is nil <nil> <nil> 17529d7b-6bb4-4cf1-8496-17c9d88a87a5 1657019558573 }"
2022-07-05T19:15:00.756+0800 [INFO]  logging/logging.go:45: rotate logging: next="2022-07-06T00:00:00+08:00"
2022-07-05T19:15:00.758+0800 [INFO]  server/server_backend.go:34: register backend: name=account
2022-07-05T19:15:00.758+0800 [INFO]  transport/transport.go:47: transport: initialize handle: path=/example/api method=POST
2022-07-05T19:15:00.758+0800 [INFO]  server/server_document.go:39: initialize handle: path=/example/docs
2022-07-05T19:15:00.758+0800 [INFO]  server/server.go:63: start starting
2022-07-05T19:15:00.758+0800 [INFO]  server/server.go:65: server listening on : address=0.0.0.0:8081
2022-07-05T19:15:00.759+0800 [INFO]  server/server.go:92: server start completed
2022-07-05T19:15:09.293+0800 [ERROR] transport/transport.go:72: transport: verify request sign error: path=/example/api client="" sign=00000000000000000000000000000000 err="headers[X-Client-ID] cannot be empty"
2022-07-05T19:17:09.452+0800 [INFO]  logging/logging.go:45: rotate logging: next="2022-07-06T00:00:00+08:00"
2022-07-05T19:17:09.454+0800 [INFO]  server/server_backend.go:34: register backend: name=account
2022-07-05T19:17:09.454+0800 [INFO]  transport/transport.go:47: transport: initialize handle: path=/example/api method=POST
2022-07-05T19:17:09.454+0800 [INFO]  server/server_document.go:39: initialize handle: path=/example/docs
2022-07-05T19:17:09.454+0800 [INFO]  server/server.go:63: start starting
2022-07-05T19:17:09.454+0800 [INFO]  server/server.go:65: server listening on : address=0.0.0.0:8081
2022-07-05T19:17:09.454+0800 [INFO]  server/server.go:92: server start completed
2022-07-05T19:17:13.440+0800 [ERROR] transport/transport.go:72: transport: verify request sign error: path=/example/api client="" sign=00000000000000000000000000000000 err="headers[X-Client-ID] cannot be empty"
2022-07-05T19:17:30.279+0800 [INFO]  logging/logging.go:45: rotate logging: next="2022-07-06T00:00:00+08:00"
2022-07-05T19:17:30.281+0800 [INFO]  server/server_backend.go:34: register backend: name=account
2022-07-05T19:17:30.281+0800 [INFO]  transport/transport.go:47: transport: initialize handle: path=/example/api method=POST
2022-07-05T19:17:30.281+0800 [INFO]  server/server_document.go:39: initialize handle: path=/example/docs
2022-07-05T19:17:30.281+0800 [INFO]  server/server.go:63: start starting
2022-07-05T19:17:30.281+0800 [INFO]  server/server.go:65: server listening on : address=0.0.0.0:8081
2022-07-05T19:17:30.282+0800 [INFO]  server/server.go:92: server start completed
2022-07-05T19:17:34.027+0800 [INFO]  example/main.go:61: signing: id="" req="&{account.user.logout {} 1657019854 1.0.0 00000000000000000000000000000000 md5}"
2022-07-05T19:17:34.029+0800 [ERROR] framework/backend.go:88: backend.account: handle request: backend=account endpoint=user operation=logout request="{\"backend\":\"account\",\"endpoint\":\"user\",\"operation\":\"logout\",\"data\":\"{}\",\"authorized\":{\"id\":\"1\",\"account\":\"example-account\",\"principal\":{\"mobile\":\"13800000000\"}},\"token\":\"\",\"headers\":{\"X-Trace-ID\":[\"25c10e8e-62ec-4010-8c63-b8055ab72cac\"]},\"connection\":{\"remote_addr\":\"[::1]:56046\",\"user_agent\":\"Mozilla/5.0 (Macintosh; Intel Mac OS X 10_15_7) AppleWebKit/537.36 (KHTML, like Gecko) Chrome/103.0.0.0 Safari/537.36\"}}" error="WrapperError: code=3001 scope= err=client adapter is nil"
2022-07-05T19:17:34.029+0800 [INFO]  example/main.go:56: signing: id=global resp="&{3001 client adapter is nil <nil> <nil> 25c10e8e-62ec-4010-8c63-b8055ab72cac 1657019854027 }"
2022-07-05T19:20:42.829+0800 [INFO]  logging/logging.go:45: rotate logging: next="2022-07-06T00:00:00+08:00"
2022-07-05T19:20:42.830+0800 [INFO]  server/server_backend.go:34: register backend: name=account
2022-07-05T19:20:42.830+0800 [INFO]  transport/transport.go:47: transport: initialize handle: path=/example/api method=POST
2022-07-05T19:20:42.831+0800 [INFO]  server/server_document.go:39: initialize handle: path=/example/docs
2022-07-05T19:20:42.831+0800 [INFO]  server/server.go:63: start starting
2022-07-05T19:20:42.831+0800 [INFO]  server/server.go:65: server listening on : address=0.0.0.0:8081
2022-07-05T19:20:42.831+0800 [INFO]  server/server.go:92: server start completed
2022-07-05T19:20:46.553+0800 [INFO]  example/main.go:61: signing: id="" req="&{account.user.logout {} 1657020046 1.0.0 00000000000000000000000000000000 md5}"
2022-07-05T19:20:46.554+0800 [INFO]  example/main.go:56: signing: id=global resp="&{3001 client adapter is nil <nil> <nil> 26145b10-4f03-491f-9c36-9fd5f358b43e 1657020046553 }"
2022-07-05T19:23:09.999+0800 [INFO]  logging/logging.go:45: rotate logging: next="2022-07-06T00:00:00+08:00"
2022-07-05T19:23:10.000+0800 [INFO]  server/server_backend.go:34: register backend: name=account
2022-07-05T19:23:10.001+0800 [INFO]  transport/transport.go:47: transport: initialize handle: path=/example/api method=POST
2022-07-05T19:23:10.001+0800 [INFO]  server/server_document.go:39: initialize handle: path=/example/docs
2022-07-05T19:23:10.001+0800 [INFO]  server/server.go:63: start starting
2022-07-05T19:23:10.001+0800 [INFO]  server/server.go:65: server listening on : address=0.0.0.0:8081
2022-07-05T19:23:10.001+0800 [INFO]  server/server.go:92: server start completed
2022-07-05T19:23:14.426+0800 [INFO]  example/main.go:61: signing: id="" req="&{account.user.logout {} 1657020194 1.0.0 00000000000000000000000000000000 md5}"
2022-07-05T19:23:14.427+0800 [INFO]  example/main.go:56: signing: id=global resp="&{3001 client adapter is nil <nil> <nil> 8ff5ad3c-662b-4e27-8e1b-2b9d6166207a 1657020194426 }"
