2022-07-06T17:49:36.642+0800 [TRACE] turbo/turbo.go:59: initialize config:
  config=
  | {
  |   "xorm": {
  |     "driver": "mysql",
  |     "master": "root:123456@tcp(127.0.0.1:3306)/example?charset=utf8",
  |     "slaves": [],
  |     "show_sql": true,
  |     "max_idle": 360000,
  |     "max_conn": 36000
  |   },
  |   "redis": {
  |     "Addrs": [
  |       "127.0.0.1:6379"
  |     ],
  |     "Password": "",
  |     "KeyPrefix": "",
  |     "DbIndex": 0,
  |     "DialTimeout": 0,
  |     "ReadTimeout": 0,
  |     "WriteTimeout": 0,
  |     "ReadOnly": false,
  |     "PoolSize": 0,
  |     "PoolTimeout": 0,
  |     "IdleTimeout": 0,
  |     "IdleCheckFrequency": 0,
  |     "UseCluster": false,
  |     "TLSConfig": null
  |   },
  |   "authorization": {
  |     "auth_type": "jwt",
  |     "pkcs8_private_key": "MIICeAIBADANBgkqhkiG9w0BAQEFAASCAmIwggJeAgEAAoGBAOVxpmJr4ELzX67oQl8YCrHPk61sRwESc8kAFDm9PwrY/Wd/PqBVsCQUFYBmo5dSukdJ/ZkeyXqA9pArnlqn/G42EVUjPPNURiex4W6LbSHXr/96Wt/0Ov7d+8ETkmLUZ+QsdB+9S6CrkG9pfhdUKLBoJ/YPujOhDBQvWNQSnXzXAgMBAAECgYAeTQ8LKnH4hYmaYMP7KQKojuBS49zQsG4oGmGRaoO73AJDO9O6evaDHT/lsChkoKFHLudV5HH5QrTNP2VvVYYJjAcslxVchQssuagplZtbjuixNPfv2ey9qPXafHMbdPZy97uZTZkaxQ0aMNpFOGKk/m5KOXTt8lhsZBKmpb9IqQJBAO72peFpUdCWW0Fvy4Xw9VSZq09EHHForxu6YHRu4sdAXoasLf8vmoIfHBsD87Tat01K6pxw1YaBhDry9Zkr4LMCQQD1zUKMoa9YVYDA3ty8R9DAmkYoguhAV3Sm2cf1jIF/p5kazja+L6c2BGk5sxM/AG/rLMS04vw4lPO8s2boPv1NAkEAj+Q3eKc5m7eeFaYi0HGK2Ll7vUxPMD8QCktNH29R4RcylDeDrwDUMfxXqTDVBBcbf1BYO4F6IfdFT1XTa7tPHwJBAImvDkYEE1ohmttueqqkd5RLVl0+5qWT123Ws6EhsTA2SxauyA9EVh913RNK8c7qicZr70t7kdiH5veeblhNYEkCQQDrSM+LzGB2CipariZdInt/Jkp5YVlPy6Xf8D6DUxmuSgYJSbuWrtP8dAeQuZ48gEuZZbsjjNw/ngfaXxnPHt/4",
  |     "pkcs1_public_key": "MIGJAoGBAOVxpmJr4ELzX67oQl8YCrHPk61sRwESc8kAFDm9PwrY/Wd/PqBVsCQUFYBmo5dSukdJ/ZkeyXqA9pArnlqn/G42EVUjPPNURiex4W6LbSHXr/96Wt/0Ov7d+8ETkmLUZ+QsdB+9S6CrkG9pfhdUKLBoJ/YPujOhDBQvWNQSnXzXAgMBAAE=",
  |     "timeout": 86400000000000,
  |     "anon_methods": [
  |       "account.user.loginByWeChat"
  |     ],
  |     "default_policy": "deny"
  |   },
  |   "transport": {
  |     "sign_type": "md5",
  |     "sign_keys": {
  |       "global": "521004524ef99ad954ad93c3f91c82fd",
  |       "wechat": "d41d8cd98f00b204e9800998ecf8427e"
  |     },
  |     "default_policy": "deny"
  |   },
  |   "extras": {
  |     "alipay": {
  |       "name": ""
  |     },
  |     "wechat_mini": {
  |       "app_id": "",
  |       "app_secret": ""
  |     }
  |   }
  | }
  
2022-07-06T17:49:52.329+0800 [TRACE] turbo/turbo.go:59: initialize config:
  config=
  | {
  |   "xorm": {
  |     "driver": "mysql",
  |     "master": "root:123456@tcp(127.0.0.1:3306)/example?charset=utf8",
  |     "slaves": [],
  |     "show_sql": true,
  |     "max_idle": 360000,
  |     "max_conn": 36000
  |   },
  |   "redis": {
  |     "Addrs": [
  |       "127.0.0.1:6379"
  |     ],
  |     "Password": "",
  |     "KeyPrefix": "",
  |     "DbIndex": 0,
  |     "DialTimeout": 0,
  |     "ReadTimeout": 0,
  |     "WriteTimeout": 0,
  |     "ReadOnly": false,
  |     "PoolSize": 0,
  |     "PoolTimeout": 0,
  |     "IdleTimeout": 0,
  |     "IdleCheckFrequency": 0,
  |     "UseCluster": false,
  |     "TLSConfig": null
  |   },
  |   "authorization": {
  |     "auth_type": "jwt",
  |     "pkcs8_private_key": "MIICeAIBADANBgkqhkiG9w0BAQEFAASCAmIwggJeAgEAAoGBAOVxpmJr4ELzX67oQl8YCrHPk61sRwESc8kAFDm9PwrY/Wd/PqBVsCQUFYBmo5dSukdJ/ZkeyXqA9pArnlqn/G42EVUjPPNURiex4W6LbSHXr/96Wt/0Ov7d+8ETkmLUZ+QsdB+9S6CrkG9pfhdUKLBoJ/YPujOhDBQvWNQSnXzXAgMBAAECgYAeTQ8LKnH4hYmaYMP7KQKojuBS49zQsG4oGmGRaoO73AJDO9O6evaDHT/lsChkoKFHLudV5HH5QrTNP2VvVYYJjAcslxVchQssuagplZtbjuixNPfv2ey9qPXafHMbdPZy97uZTZkaxQ0aMNpFOGKk/m5KOXTt8lhsZBKmpb9IqQJBAO72peFpUdCWW0Fvy4Xw9VSZq09EHHForxu6YHRu4sdAXoasLf8vmoIfHBsD87Tat01K6pxw1YaBhDry9Zkr4LMCQQD1zUKMoa9YVYDA3ty8R9DAmkYoguhAV3Sm2cf1jIF/p5kazja+L6c2BGk5sxM/AG/rLMS04vw4lPO8s2boPv1NAkEAj+Q3eKc5m7eeFaYi0HGK2Ll7vUxPMD8QCktNH29R4RcylDeDrwDUMfxXqTDVBBcbf1BYO4F6IfdFT1XTa7tPHwJBAImvDkYEE1ohmttueqqkd5RLVl0+5qWT123Ws6EhsTA2SxauyA9EVh913RNK8c7qicZr70t7kdiH5veeblhNYEkCQQDrSM+LzGB2CipariZdInt/Jkp5YVlPy6Xf8D6DUxmuSgYJSbuWrtP8dAeQuZ48gEuZZbsjjNw/ngfaXxnPHt/4",
  |     "pkcs1_public_key": "MIGJAoGBAOVxpmJr4ELzX67oQl8YCrHPk61sRwESc8kAFDm9PwrY/Wd/PqBVsCQUFYBmo5dSukdJ/ZkeyXqA9pArnlqn/G42EVUjPPNURiex4W6LbSHXr/96Wt/0Ov7d+8ETkmLUZ+QsdB+9S6CrkG9pfhdUKLBoJ/YPujOhDBQvWNQSnXzXAgMBAAE=",
  |     "timeout": 86400000000000,
  |     "anon_methods": [
  |       "account.user.loginByWeChat"
  |     ],
  |     "default_policy": "deny"
  |   },
  |   "transport": {
  |     "sign_type": "md5",
  |     "sign_keys": {
  |       "global": "521004524ef99ad954ad93c3f91c82fd",
  |       "wechat": "d41d8cd98f00b204e9800998ecf8427e"
  |     },
  |     "default_policy": "deny"
  |   },
  |   "extras": {
  |     "alipay": {
  |       "name": ""
  |     },
  |     "wechat_mini": {
  |       "app_id": "",
  |       "app_secret": ""
  |     }
  |   }
  | }
  
2022-07-06T17:49:52.330+0800 [TRACE] server/server_register.go:53: register health backend: path=/example/health
